Using pre-set license
Built from '2020.3/release' branch; Version is '2020.3.7f1 (dd97f2c94397) revision 14522354'; Using compiler version '192528614'; Build Type 'Release'
OS: 'Windows 10 Home Single Language; OS build 19042.985; Version 2009; 64bit' Language: 'pt' Physical Memory: 8068 MB
BatchMode: 1, IsHumanControllingUs: 0, StartBugReporterOnCrash: 0, Is64bit: 1, IsPro: 0

 COMMAND LINE ARGUMENTS:
C:\Program Files\Unity\Hub\Editor\2020.3.7f1\Editor\Unity.exe
-adb2
-batchMode
-noUpm
-name
AssetImportWorker0
-projectPath
C:/Users/LUIZ AUGUSTO/Desktop/Projeto Final/Projeto Final
-logFile
Logs/AssetImportWorker0.log
-srvPort
60587
Successfully changed project path to: C:/Users/LUIZ AUGUSTO/Desktop/Projeto Final/Projeto Final
C:/Users/LUIZ AUGUSTO/Desktop/Projeto Final/Projeto Final
Using Asset Import Pipeline V2.
Refreshing native plugins compatible for Editor in 77.12 ms, found 1 plugins.
Preloading 0 native plugins for Editor in 0.00 ms.
Initialize engine version: 2020.3.7f1 (dd97f2c94397)
[Subsystems] Discovering subsystems at path C:/Program Files/Unity/Hub/Editor/2020.3.7f1/Editor/Data/Resources/UnitySubsystems
[Subsystems] Discovering subsystems at path C:/Users/LUIZ AUGUSTO/Desktop/Projeto Final/Projeto Final/Assets
GfxDevice: creating device client; threaded=0
Direct3D:
    Version:  Direct3D 11.0 [level 11.0]
    Renderer: Intel(R) HD Graphics 4000 (ID=0x166)
    Vendor:   
    VRAM:     1996 MB
    Driver:   10.18.13.5362
Initialize mono
Mono path[0] = 'C:/Program Files/Unity/Hub/Editor/2020.3.7f1/Editor/Data/Managed'
Mono path[1] = 'C:/Program Files/Unity/Hub/Editor/2020.3.7f1/Editor/Data/MonoBleedingEdge/lib/mono/unityjit'
Mono config path = 'C:/Program Files/Unity/Hub/Editor/2020.3.7f1/Editor/Data/MonoBleedingEdge/etc'
Using monoOptions --debugger-agent=transport=dt_socket,embedding=1,server=y,suspend=n,address=127.0.0.1:56164
Begin MonoManager ReloadAssembly
Registering precompiled unity dll's ...
Register platform support module: C:/Program Files/Unity/Hub/Editor/2020.3.7f1/Editor/Data/PlaybackEngines/WindowsStandaloneSupport/UnityEditor.WindowsStandalone.Extensions.dll
Registered in 0.002938 seconds.
Native extension for WindowsStandalone target not found
Refreshing native plugins compatible for Editor in 139.82 ms, found 1 plugins.
Preloading 0 native plugins for Editor in 0.00 ms.
Mono: successfully reloaded assembly
- Completed reload, in  2.302 seconds
Platform modules already initialized, skipping
Registering precompiled user dll's ...
Registered in 0.001622 seconds.
Begin MonoManager ReloadAssembly
Native extension for WindowsStandalone target not found
Refreshing native plugins compatible for Editor in 100.78 ms, found 1 plugins.
Preloading 0 native plugins for Editor in 0.00 ms.
Mono: successfully reloaded assembly
- Completed reload, in  2.689 seconds
Platform modules already initialized, skipping
========================================================================
Worker process is ready to serve import requests
Launched and connected shader compiler UnityShaderCompiler.exe after 0.24 seconds
Refreshing native plugins compatible for Editor in 1.04 ms, found 1 plugins.
Preloading 0 native plugins for Editor in 0.00 ms.
Unloading 1855 Unused Serialized files (Serialized files now loaded: 0)
System memory in use before: 88.0 MB.
System memory in use after: 88.0 MB.

Unloading 24 unused Assets to reduce memory usage. Loaded Objects now: 2298.
Total: 9.133800 ms (FindLiveObjects: 2.834500 ms CreateObjectMapping: 0.548200 ms MarkObjects: 5.271200 ms  DeleteObjects: 0.476500 ms)

========================================================================
Received Import Request.
  path: Assets/Sprites
  artifactKey: Guid(619d6d24d9e455e4bb99d6141fd71e0e) Importer(815301076,1909f56bfc062723c751e8b465ee728b)
Start importing Assets/Sprites using Guid(619d6d24d9e455e4bb99d6141fd71e0e) Importer(815301076,1909f56bfc062723c751e8b465ee728b)  -> (artifact id: '74b7cbf03e707d06903ba2eedaf25d97') in 0.059357 seconds
  Import took 0.102689 seconds .

========================================================================
Received Import Request.
  Time since last request: 7.942982 seconds.
  path: Assets
  artifactKey: Guid(00000000000000001000000000000000) Importer(815301076,1909f56bfc062723c751e8b465ee728b)
Start importing Assets using Guid(00000000000000001000000000000000) Importer(815301076,1909f56bfc062723c751e8b465ee728b)  -> (artifact id: '5f6a1853b736837ecfb0820a881449cb') in 0.028095 seconds
  Import took 0.113000 seconds .

========================================================================
Received Import Request.
  Time since last request: 5.014911 seconds.
  path: Assets/SF
  artifactKey: Guid(34346014bcdd3cb44acc2fe1b7a24fdb) Importer(815301076,1909f56bfc062723c751e8b465ee728b)
Start importing Assets/SF using Guid(34346014bcdd3cb44acc2fe1b7a24fdb) Importer(815301076,1909f56bfc062723c751e8b465ee728b)  -> (artifact id: '8ffd726834a0cdf5450c54419bbfd77f') in 0.035050 seconds
  Import took 0.042072 seconds .

========================================================================
Received Import Request.
  Time since last request: 11.546439 seconds.
  path: Assets/Prefab
  artifactKey: Guid(6cccbd97b4105f64ba9c0ff4a8c63d7c) Importer(815301076,1909f56bfc062723c751e8b465ee728b)
Start importing Assets/Prefab using Guid(6cccbd97b4105f64ba9c0ff4a8c63d7c) Importer(815301076,1909f56bfc062723c751e8b465ee728b)  -> (artifact id: '39a81c29cf48e368955bd05fb4ff04e5') in 0.032805 seconds
  Import took 0.042045 seconds .

========================================================================
Received Import Request.
  Time since last request: 9.348307 seconds.
  path: Assets/Animations
  artifactKey: Guid(4ed9a3b16fdb5ff44b7b103f3366bbec) Importer(815301076,1909f56bfc062723c751e8b465ee728b)
Start importing Assets/Animations using Guid(4ed9a3b16fdb5ff44b7b103f3366bbec) Importer(815301076,1909f56bfc062723c751e8b465ee728b)  -> (artifact id: 'd571b57490bf2c639bb9d52efd495d5b') in 0.024379 seconds
  Import took 0.678007 seconds .

========================================================================
Received Import Request.
  Time since last request: 7.593056 seconds.
  path: Assets/Scripts
  artifactKey: Guid(d4e6821281a4eef4db0d3270a6228a1f) Importer(815301076,1909f56bfc062723c751e8b465ee728b)
Start importing Assets/Scripts using Guid(d4e6821281a4eef4db0d3270a6228a1f) Importer(815301076,1909f56bfc062723c751e8b465ee728b)  -> (artifact id: '1709980ee6153a8095eec22298d65886') in 0.034162 seconds
  Import took 0.044976 seconds .

========================================================================
Received Import Request.
  Time since last request: 0.003059 seconds.
  path: Assets/Scripts
  artifactKey: Guid(d4e6821281a4eef4db0d3270a6228a1f) Importer(815301076,1909f56bfc062723c751e8b465ee728b)
Start importing Assets/Scripts using Guid(d4e6821281a4eef4db0d3270a6228a1f) Importer(815301076,1909f56bfc062723c751e8b465ee728b)  -> (artifact id: '1709980ee6153a8095eec22298d65886') in 0.008908 seconds
  Import took 0.019699 seconds .

========================================================================
Received Import Request.
  Time since last request: 55.704930 seconds.
  path: Assets/Scenes/SampleScene.unity
  artifactKey: Guid(2cda990e2423bbf4892e6590ba056729) Importer(815301076,1909f56bfc062723c751e8b465ee728b)
Start importing Assets/Scenes/SampleScene.unity using Guid(2cda990e2423bbf4892e6590ba056729) Importer(815301076,1909f56bfc062723c751e8b465ee728b)  -> (artifact id: '5f53366d45f367ef2bdb03cfdc334d55') in 0.051305 seconds
  Import took 0.057867 seconds .

========================================================================
Received Import Request.
  Time since last request: 14.506928 seconds.
  path: Assets/Scenes
  artifactKey: Guid(78762c400cc6c0f4a8e52ace317288fa) Importer(815301076,1909f56bfc062723c751e8b465ee728b)
Start importing Assets/Scenes using Guid(78762c400cc6c0f4a8e52ace317288fa) Importer(815301076,1909f56bfc062723c751e8b465ee728b)  -> (artifact id: 'e82a92a07c4cda01f952036de4620d28') in 0.025621 seconds
  Import took 0.036228 seconds .

========================================================================
Received Import Request.
  Time since last request: 0.000916 seconds.
  path: Assets/Scenes
  artifactKey: Guid(78762c400cc6c0f4a8e52ace317288fa) Importer(815301076,1909f56bfc062723c751e8b465ee728b)
Start importing Assets/Scenes using Guid(78762c400cc6c0f4a8e52ace317288fa) Importer(815301076,1909f56bfc062723c751e8b465ee728b)  -> (artifact id: 'e82a92a07c4cda01f952036de4620d28') in 0.024782 seconds
  Import took 0.084136 seconds .

========================================================================
Received Import Request.
  Time since last request: 16.231189 seconds.
  path: Assets/Scenes/LevelTest.unity
  artifactKey: Guid(f2c6c2e3a0425f74ab101d6730e3514d) Importer(815301076,1909f56bfc062723c751e8b465ee728b)
Start importing Assets/Scenes/LevelTest.unity using Guid(f2c6c2e3a0425f74ab101d6730e3514d) Importer(815301076,1909f56bfc062723c751e8b465ee728b)  -> (artifact id: '66aae70df2a2ab445c989728bfce3f2e') in 0.103360 seconds
  Import took 0.111553 seconds .

========================================================================
Received Import Request.
  Time since last request: 40.503552 seconds.
  path: Assets/Scenes/Credits.unity
  artifactKey: Guid(2cda990e2423bbf4892e6590ba056729) Importer(815301076,1909f56bfc062723c751e8b465ee728b)
Start importing Assets/Scenes/Credits.unity using Guid(2cda990e2423bbf4892e6590ba056729) Importer(815301076,1909f56bfc062723c751e8b465ee728b)  -> (artifact id: '05e88e54279175f9df30445c178c4ca2') in 0.050295 seconds
  Import took 0.111518 seconds .

========================================================================
Received Import Request.
  Time since last request: 14.443154 seconds.
  path: Assets/Scenes/StartMenu.unity
  artifactKey: Guid(2cda990e2423bbf4892e6590ba056729) Importer(815301076,1909f56bfc062723c751e8b465ee728b)
Start importing Assets/Scenes/StartMenu.unity using Guid(2cda990e2423bbf4892e6590ba056729) Importer(815301076,1909f56bfc062723c751e8b465ee728b)  -> (artifact id: 'b2e43930c58f9f81c36704b5b91a3b70') in 0.083901 seconds
  Import took 0.092267 seconds .

========================================================================
Received Import Request.
  Time since last request: 16.533814 seconds.
  path: Assets/Scenes/MainMenu.unity
  artifactKey: Guid(b0b2208847fa82f4b90c30733c61436d) Importer(815301076,1909f56bfc062723c751e8b465ee728b)
Start importing Assets/Scenes/MainMenu.unity using Guid(b0b2208847fa82f4b90c30733c61436d) Importer(815301076,1909f56bfc062723c751e8b465ee728b)  -> (artifact id: '851c56b485318f38c94c8fb8d8ff306f') in 0.044874 seconds
  Import took 0.060207 seconds .

========================================================================
Received Import Request.
  Time since last request: 8.589064 seconds.
  path: Assets/Scenes/Credits.unity
  artifactKey: Guid(1e3c11087172a3949a157f10e899c04d) Importer(815301076,1909f56bfc062723c751e8b465ee728b)
Start importing Assets/Scenes/Credits.unity using Guid(1e3c11087172a3949a157f10e899c04d) Importer(815301076,1909f56bfc062723c751e8b465ee728b)  -> (artifact id: 'a0b8509440b56b9f99284b757c3be1e8') in 0.025127 seconds
  Import took 0.055553 seconds .

========================================================================
Received Import Request.
  Time since last request: 341.796701 seconds.
  path: Assets/Sprites/BG
  artifactKey: Guid(5cb4b4f924121f04c9c218896f0bc9ad) Importer(815301076,1909f56bfc062723c751e8b465ee728b)
Start importing Assets/Sprites/BG using Guid(5cb4b4f924121f04c9c218896f0bc9ad) Importer(815301076,1909f56bfc062723c751e8b465ee728b)  -> (artifact id: '289a251ba22953be56f7760ee9c6cb63') in 0.037765 seconds
  Import took 0.047492 seconds .

========================================================================
Received Import Request.
  Time since last request: 11.949238 seconds.
  path: Assets/Sprites/Enemy
  artifactKey: Guid(b570856d9853d9c458b5d50b6fec77b4) Importer(815301076,1909f56bfc062723c751e8b465ee728b)
Start importing Assets/Sprites/Enemy using Guid(b570856d9853d9c458b5d50b6fec77b4) Importer(815301076,1909f56bfc062723c751e8b465ee728b)  -> (artifact id: 'f5a61bf2f0c20cbd80937297207af44d') in 0.029097 seconds
  Import took 0.044022 seconds .

========================================================================
Received Import Request.
  Time since last request: 0.000629 seconds.
  path: Assets/Sprites/Enemy
  artifactKey: Guid(b570856d9853d9c458b5d50b6fec77b4) Importer(815301076,1909f56bfc062723c751e8b465ee728b)
Start importing Assets/Sprites/Enemy using Guid(b570856d9853d9c458b5d50b6fec77b4) Importer(815301076,1909f56bfc062723c751e8b465ee728b)  -> (artifact id: 'f5a61bf2f0c20cbd80937297207af44d') in 0.022731 seconds
  Import took 0.033862 seconds .

========================================================================
Received Import Request.
  Time since last request: 12.332964 seconds.
  path: Assets/Sprites/Explosion
  artifactKey: Guid(2e92336873e985741aea2a71bec9b610) Importer(815301076,1909f56bfc062723c751e8b465ee728b)
Start importing Assets/Sprites/Explosion using Guid(2e92336873e985741aea2a71bec9b610) Importer(815301076,1909f56bfc062723c751e8b465ee728b)  -> (artifact id: 'b5ee97ab42eaf00a25836c50c2be6330') in 0.039495 seconds
  Import took 0.049737 seconds .

========================================================================
Received Import Request.
  Time since last request: 9.626201 seconds.
  path: Assets/Sprites/Player
  artifactKey: Guid(9066a0bcb450cc5448bef1a124ad344b) Importer(815301076,1909f56bfc062723c751e8b465ee728b)
Start importing Assets/Sprites/Player using Guid(9066a0bcb450cc5448bef1a124ad344b) Importer(815301076,1909f56bfc062723c751e8b465ee728b)  -> (artifact id: 'cfc7fa1a9f45eec65e293156e61390cf') in 0.026448 seconds
  Import took 0.038464 seconds .

========================================================================
Received Import Request.
  Time since last request: 6.995827 seconds.
  path: Assets/Sprites/Shot
  artifactKey: Guid(0f329e5b6107b574aa5e4b7b0d35f0b2) Importer(815301076,1909f56bfc062723c751e8b465ee728b)
Start importing Assets/Sprites/Shot using Guid(0f329e5b6107b574aa5e4b7b0d35f0b2) Importer(815301076,1909f56bfc062723c751e8b465ee728b)  -> (artifact id: '6f814f619864b3846c846bcc0414bf7b') in 0.027721 seconds
  Import took 0.043180 seconds .

========================================================================
Received Import Request.
  Time since last request: 0.000819 seconds.
  path: Assets/Sprites/Shot
  artifactKey: Guid(0f329e5b6107b574aa5e4b7b0d35f0b2) Importer(815301076,1909f56bfc062723c751e8b465ee728b)
Start importing Assets/Sprites/Shot using Guid(0f329e5b6107b574aa5e4b7b0d35f0b2) Importer(815301076,1909f56bfc062723c751e8b465ee728b)  -> (artifact id: '6f814f619864b3846c846bcc0414bf7b') in 0.021125 seconds
  Import took 0.030386 seconds .

========================================================================
Received Import Request.
  Time since last request: 9.690896 seconds.
  path: Assets/Sprites/tieldset
  artifactKey: Guid(e65b8b67c5259f14b9f7402331e50ac2) Importer(815301076,1909f56bfc062723c751e8b465ee728b)
Start importing Assets/Sprites/tieldset using Guid(e65b8b67c5259f14b9f7402331e50ac2) Importer(815301076,1909f56bfc062723c751e8b465ee728b)  -> (artifact id: '1ce184de59153436d1524c3b77cec0a9') in 0.025912 seconds
  Import took 0.038514 seconds .

========================================================================
Received Import Request.
  Time since last request: 78.637111 seconds.
  path: Assets/Sprites/BG/BG START.jpg
  artifactKey: Guid(d00d31c1eb506f04fb83a17148232a13) Importer(815301076,1909f56bfc062723c751e8b465ee728b)
Start importing Assets/Sprites/BG/BG START.jpg using Guid(d00d31c1eb506f04fb83a17148232a13) Importer(815301076,1909f56bfc062723c751e8b465ee728b)  -> (artifact id: 'c51ba84c638f7c3aafda6a6606c25b4c') in 0.207539 seconds
  Import took 0.213776 seconds .

========================================================================
Received Import Request.
  Time since last request: 141.365327 seconds.
  path: Assets/TextMesh Pro/Resources/Fonts & Materials/LiberationSans SDF - Drop Shadow.mat
  artifactKey: Guid(e73a58f6e2794ae7b1b7e50b7fb811b0) Importer(815301076,1909f56bfc062723c751e8b465ee728b)
Start importing Assets/TextMesh Pro/Resources/Fonts & Materials/LiberationSans SDF - Drop Shadow.mat using Guid(e73a58f6e2794ae7b1b7e50b7fb811b0) Importer(815301076,1909f56bfc062723c751e8b465ee728b)  -> (artifact id: 'c65dce71a342af370dc3c29fc2f166ac') in 0.650402 seconds
  Import took 0.677606 seconds .

========================================================================
Received Import Request.
  Time since last request: 0.000782 seconds.
  path: Assets/TextMesh Pro/Resources/Fonts & Materials/LiberationSans SDF - Outline.mat
  artifactKey: Guid(79459efec17a4d00a321bdcc27bbc385) Importer(815301076,1909f56bfc062723c751e8b465ee728b)
Start importing Assets/TextMesh Pro/Resources/Fonts & Materials/LiberationSans SDF - Outline.mat using Guid(79459efec17a4d00a321bdcc27bbc385) Importer(815301076,1909f56bfc062723c751e8b465ee728b)  -> (artifact id: '0cbce4052f24bb1e0093bce8591baa2e') in 1.457583 seconds
  Import took 1.465671 seconds .

========================================================================
Received Import Request.
  Time since last request: 0.000459 seconds.
  path: Assets/TextMesh Pro/Resources/Fonts & Materials/LiberationSans SDF - Fallback.asset
  artifactKey: Guid(2e498d1c8094910479dc3e1b768306a4) Importer(815301076,1909f56bfc062723c751e8b465ee728b)
Start importing Assets/TextMesh Pro/Resources/Fonts & Materials/LiberationSans SDF - Fallback.asset using Guid(2e498d1c8094910479dc3e1b768306a4) Importer(815301076,1909f56bfc062723c751e8b465ee728b)  -> (artifact id: '3b614a4d5c4466b29e2ef0d1044c6660') in 0.452508 seconds
  Import took 0.464550 seconds .

========================================================================
Received Import Request.
  Time since last request: 0.000298 seconds.
  path: Assets/TextMesh Pro/Resources/Fonts & Materials/LiberationSans SDF - Drop Shadow.mat
  artifactKey: Guid(e73a58f6e2794ae7b1b7e50b7fb811b0) Importer(815301076,1909f56bfc062723c751e8b465ee728b)
Start importing Assets/TextMesh Pro/Resources/Fonts & Materials/LiberationSans SDF - Drop Shadow.mat using Guid(e73a58f6e2794ae7b1b7e50b7fb811b0) Importer(815301076,1909f56bfc062723c751e8b465ee728b)  -> (artifact id: 'c65dce71a342af370dc3c29fc2f166ac') in 0.161163 seconds
  Import took 0.170466 seconds .

========================================================================
Received Import Request.
  Time since last request: 0.000369 seconds.
  path: Assets/TextMesh Pro/Resources/Fonts & Materials/LiberationSans SDF.asset
  artifactKey: Guid(8f586378b4e144a9851e7b34d9b748ee) Importer(815301076,1909f56bfc062723c751e8b465ee728b)
Start importing Assets/TextMesh Pro/Resources/Fonts & Materials/LiberationSans SDF.asset using Guid(8f586378b4e144a9851e7b34d9b748ee) Importer(815301076,1909f56bfc062723c751e8b465ee728b)  -> (artifact id: 'f2787ec1056042f08499273a248d87cc') in 0.108211 seconds
  Import took 0.115850 seconds .

========================================================================
Received Import Request.
  Time since last request: 451.428853 seconds.
  path: Assets/Scripts/LoadLevel.cs
  artifactKey: Guid(d32880fc5cb05e14eba7f682fbc2cf92) Importer(815301076,1909f56bfc062723c751e8b465ee728b)
Start importing Assets/Scripts/LoadLevel.cs using Guid(d32880fc5cb05e14eba7f682fbc2cf92) Importer(815301076,1909f56bfc062723c751e8b465ee728b)  -> (artifact id: 'f10e5355b93a978775dc5cf869e1718d') in 0.026412 seconds
  Import took 0.060308 seconds .

========================================================================
Received Prepare
Registering precompiled user dll's ...
Registered in 0.021812 seconds.
Begin MonoManager ReloadAssembly
Native extension for WindowsStandalone target not found
Refreshing native plugins compatible for Editor in 1.06 ms, found 1 plugins.
Preloading 0 native plugins for Editor in 0.00 ms.
Mono: successfully reloaded assembly
- Completed reload, in  1.783 seconds
Platform modules already initialized, skipping
Refreshing native plugins compatible for Editor in 1.10 ms, found 1 plugins.
Preloading 0 native plugins for Editor in 0.00 ms.
Unloading 1838 Unused Serialized files (Serialized files now loaded: 0)
System memory in use before: 90.1 MB.
System memory in use after: 90.1 MB.

Unloading 12 unused Assets to reduce memory usage. Loaded Objects now: 2348.
Total: 5.438500 ms (FindLiveObjects: 0.795000 ms CreateObjectMapping: 0.256100 ms MarkObjects: 4.177000 ms  DeleteObjects: 0.206300 ms)

========================================================================
Received Prepare
Registering precompiled user dll's ...
Registered in 0.002130 seconds.
Begin MonoManager ReloadAssembly
Native extension for WindowsStandalone target not found
Refreshing native plugins compatible for Editor in 1.55 ms, found 1 plugins.
Preloading 0 native plugins for Editor in 0.00 ms.
Mono: successfully reloaded assembly
- Completed reload, in  2.096 seconds
Platform modules already initialized, skipping
Refreshing native plugins compatible for Editor in 1.06 ms, found 1 plugins.
Preloading 0 native plugins for Editor in 0.00 ms.
Unloading 1838 Unused Serialized files (Serialized files now loaded: 0)
System memory in use before: 90.2 MB.
System memory in use after: 90.1 MB.

Unloading 12 unused Assets to reduce memory usage. Loaded Objects now: 2352.
Total: 7.003200 ms (FindLiveObjects: 0.544900 ms CreateObjectMapping: 0.256600 ms MarkObjects: 5.913300 ms  DeleteObjects: 0.285000 ms)

========================================================================
Received Import Request.
  Time since last request: 105.199785 seconds.
  path: Assets/Scripts/LoadLevel.cs
  artifactKey: Guid(d32880fc5cb05e14eba7f682fbc2cf92) Importer(815301076,1909f56bfc062723c751e8b465ee728b)
Start importing Assets/Scripts/LoadLevel.cs using Guid(d32880fc5cb05e14eba7f682fbc2cf92) Importer(815301076,1909f56bfc062723c751e8b465ee728b)  -> (artifact id: 'ccb56248ba12770914d3289f0dc622d1') in 0.035270 seconds
  Import took 0.059463 seconds .

========================================================================
Received Prepare
Registering precompiled user dll's ...
Registered in 0.004119 seconds.
Begin MonoManager ReloadAssembly
Native extension for WindowsStandalone target not found
Refreshing native plugins compatible for Editor in 0.56 ms, found 1 plugins.
Preloading 0 native plugins for Editor in 0.00 ms.
Mono: successfully reloaded assembly
- Completed reload, in  1.884 seconds
Platform modules already initialized, skipping
Refreshing native plugins compatible for Editor in 1.01 ms, found 1 plugins.
Preloading 0 native plugins for Editor in 0.00 ms.
Unloading 1838 Unused Serialized files (Serialized files now loaded: 0)
System memory in use before: 90.2 MB.
System memory in use after: 90.2 MB.

Unloading 12 unused Assets to reduce memory usage. Loaded Objects now: 2356.
Total: 5.015500 ms (FindLiveObjects: 0.861600 ms CreateObjectMapping: 0.241300 ms MarkObjects: 3.567400 ms  DeleteObjects: 0.342000 ms)

========================================================================
Received Import Request.
  Time since last request: 369.525777 seconds.
  path: Assets/Animations/New Folder
  artifactKey: Guid(1ca3181b4c38d1448b0025aa35f19cf4) Importer(815301076,1909f56bfc062723c751e8b465ee728b)
Start importing Assets/Animations/New Folder using Guid(1ca3181b4c38d1448b0025aa35f19cf4) Importer(815301076,1909f56bfc062723c751e8b465ee728b)  -> (artifact id: '6aba7138cf1b445cf6c804b6a77caeb6') in 0.037681 seconds
  Import took 0.045641 seconds .

========================================================================
Received Import Request.
  Time since last request: 188.577037 seconds.
  path: Assets/Animations/Texto Press Here.anim
  artifactKey: Guid(feab6925e8860214b837ecb5865d7adf) Importer(815301076,1909f56bfc062723c751e8b465ee728b)
Start importing Assets/Animations/Texto Press Here.anim using Guid(feab6925e8860214b837ecb5865d7adf) Importer(815301076,1909f56bfc062723c751e8b465ee728b)  -> (artifact id: '147be4d9f93a15795ff8b7650c162b11') in 0.054760 seconds
  Import took 0.080340 seconds .

========================================================================
Received Import Request.
  Time since last request: 1.340899 seconds.
  path: Assets/Animations/Enter.controller
  artifactKey: Guid(7c55f0e12b6d58046ae10070dc252cba) Importer(815301076,1909f56bfc062723c751e8b465ee728b)
Start importing Assets/Animations/Enter.controller using Guid(7c55f0e12b6d58046ae10070dc252cba) Importer(815301076,1909f56bfc062723c751e8b465ee728b)  -> (artifact id: '6562db40e574982da4e1db10570ac3d3') in 0.032033 seconds
  Import took 0.039905 seconds .

========================================================================
Received Import Request.
  Time since last request: 299.244503 seconds.
  path: Assets/Animations/Press Here.anim
  artifactKey: Guid(4ed3eae48b2553043ba140543ced2c2f) Importer(815301076,1909f56bfc062723c751e8b465ee728b)
Start importing Assets/Animations/Press Here.anim using Guid(4ed3eae48b2553043ba140543ced2c2f) Importer(815301076,1909f56bfc062723c751e8b465ee728b)  -> (artifact id: '31ace3029e6768ae2a823c6c9a88ff1d') in 0.065163 seconds
  Import took 0.114288 seconds .

========================================================================
Received Import Request.
  Time since last request: 3.834553 seconds.
  path: Assets/Animations/Press Here Button.anim
  artifactKey: Guid(4ed3eae48b2553043ba140543ced2c2f) Importer(815301076,1909f56bfc062723c751e8b465ee728b)
Start importing Assets/Animations/Press Here Button.anim using Guid(4ed3eae48b2553043ba140543ced2c2f) Importer(815301076,1909f56bfc062723c751e8b465ee728b)  -> (artifact id: '8bed9a6a35912ecba7085ae702980f7e') in 0.077037 seconds
  Import took 0.090161 seconds .

