Using pre-set license
Built from '2020.3/staging' branch; Version is '2020.3.11f1 (99c7afb366b3) revision 10078127'; Using compiler version '192528614'; Build Type 'Release'
OS: 'Windows 10 Home Single Language; OS build 19042.631; Version 2009; 64bit' Language: 'pt' Physical Memory: 8068 MB
BatchMode: 1, IsHumanControllingUs: 0, StartBugReporterOnCrash: 0, Is64bit: 1, IsPro: 0

 COMMAND LINE ARGUMENTS:
C:\Program Files\Unity\Hub\Editor\2020.3.11f1\Editor\Unity.exe
-adb2
-batchMode
-noUpm
-name
AssetImportWorker12
-projectPath
C:/Users/Samsung/Desktop/Projeto-Final/Projeto Final
-logFile
Logs/AssetImportWorker12.log
-srvPort
57068
Successfully changed project path to: C:/Users/Samsung/Desktop/Projeto-Final/Projeto Final
C:/Users/Samsung/Desktop/Projeto-Final/Projeto Final
Using Asset Import Pipeline V2.
Refreshing native plugins compatible for Editor in 256.26 ms, found 3 plugins.
Preloading 0 native plugins for Editor in 0.00 ms.
Initialize engine version: 2020.3.11f1 (99c7afb366b3)
[Subsystems] Discovering subsystems at path C:/Program Files/Unity/Hub/Editor/2020.3.11f1/Editor/Data/Resources/UnitySubsystems
[Subsystems] Discovering subsystems at path C:/Users/Samsung/Desktop/Projeto-Final/Projeto Final/Assets
GfxDevice: creating device client; threaded=0
Direct3D:
    Version:  Direct3D 11.0 [level 11.0]
    Renderer: NVIDIA GeForce 710M (ID=0x1140)
    Vendor:   
    VRAM:     1999 MB
    Driver:   21.21.13.6909
Initialize mono
Mono path[0] = 'C:/Program Files/Unity/Hub/Editor/2020.3.11f1/Editor/Data/Managed'
Mono path[1] = 'C:/Program Files/Unity/Hub/Editor/2020.3.11f1/Editor/Data/MonoBleedingEdge/lib/mono/unityjit'
Mono config path = 'C:/Program Files/Unity/Hub/Editor/2020.3.11f1/Editor/Data/MonoBleedingEdge/etc'
Using monoOptions --debugger-agent=transport=dt_socket,embedding=1,server=y,suspend=n,address=127.0.0.1:56288
Begin MonoManager ReloadAssembly
Registering precompiled unity dll's ...
Register platform support module: C:/Program Files/Unity/Hub/Editor/2020.3.11f1/Editor/Data/PlaybackEngines/WindowsStandaloneSupport/UnityEditor.WindowsStandalone.Extensions.dll
Registered in 0.011701 seconds.
Native extension for WindowsStandalone target not found
Refreshing native plugins compatible for Editor in 131.58 ms, found 3 plugins.
Preloading 0 native plugins for Editor in 0.00 ms.
Mono: successfully reloaded assembly
- Completed reload, in  5.314 seconds
Platform modules already initialized, skipping
Registering precompiled user dll's ...
Registered in 0.013015 seconds.
Begin MonoManager ReloadAssembly
Native extension for WindowsStandalone target not found
Refreshing native plugins compatible for Editor in 901.81 ms, found 3 plugins.
Preloading 0 native plugins for Editor in 0.00 ms.
Mono: successfully reloaded assembly
- Completed reload, in 11.802 seconds
Platform modules already initialized, skipping
========================================================================
Worker process is ready to serve import requests
Launched and connected shader compiler UnityShaderCompiler.exe after 0.24 seconds
Refreshing native plugins compatible for Editor in 2.42 ms, found 3 plugins.
Preloading 0 native plugins for Editor in 0.00 ms.
Unloading 2143 Unused Serialized files (Serialized files now loaded: 0)
System memory in use before: 96.7 MB.
System memory in use after: 96.8 MB.

Unloading 28 unused Assets to reduce memory usage. Loaded Objects now: 2583.
Total: 22.702300 ms (FindLiveObjects: 0.672400 ms CreateObjectMapping: 0.345500 ms MarkObjects: 21.467400 ms  DeleteObjects: 0.212700 ms)

========================================================================
Received Import Request.
  path: Assets/Prefab/Enemy Passaro.prefab
  artifactKey: Guid(8bf32ffad0c9d7341a1677c8a4f8360f) Importer(815301076,1909f56bfc062723c751e8b465ee728b)
Start importing Assets/Prefab/Enemy Passaro.prefab using Guid(8bf32ffad0c9d7341a1677c8a4f8360f) Importer(815301076,1909f56bfc062723c751e8b465ee728b)  -> (artifact id: '15b15477577a1c11de758328c1e8cdfd') in 0.654807 seconds
  Import took 0.675159 seconds .

========================================================================
Received Import Request.
  Time since last request: 0.000629 seconds.
  path: Assets/Prefab/Enemy Boss.prefab
  artifactKey: Guid(a3f2cca2f846dd045b336b6eb683d651) Importer(815301076,1909f56bfc062723c751e8b465ee728b)
Start importing Assets/Prefab/Enemy Boss.prefab using Guid(a3f2cca2f846dd045b336b6eb683d651) Importer(815301076,1909f56bfc062723c751e8b465ee728b)  -> (artifact id: '975a1dee1ca10c952f3567651bf96a18') in 0.188399 seconds
  Import took 0.202401 seconds .

========================================================================
Received Import Request.
  Time since last request: 0.000740 seconds.
  path: Assets/Prefab/Enemy Flutuante.prefab
  artifactKey: Guid(cb27331c8faf5734284efb4282d72f0b) Importer(815301076,1909f56bfc062723c751e8b465ee728b)
Start importing Assets/Prefab/Enemy Flutuante.prefab using Guid(cb27331c8faf5734284efb4282d72f0b) Importer(815301076,1909f56bfc062723c751e8b465ee728b)  -> (artifact id: '90c39f27d5ed1c4990563ba4934f7951') in 0.230265 seconds
  Import took 0.303333 seconds .

========================================================================
Received Import Request.
  Time since last request: 15.990170 seconds.
  path: Assets/Prefab/Player.prefab
  artifactKey: Guid(8885343d079538340aebe4484dddd892) Importer(815301076,1909f56bfc062723c751e8b465ee728b)
Start importing Assets/Prefab/Player.prefab using Guid(8885343d079538340aebe4484dddd892) Importer(815301076,1909f56bfc062723c751e8b465ee728b)  -> (artifact id: '2beef4ae09e48238362b3bde4518c095') in 0.178655 seconds
  Import took 0.194216 seconds .

AssetImportWorkerClient::OnTransportError - code=2 error=End of file
