Using pre-set license
Built from '2020.3/staging' branch; Version is '2020.3.11f1 (99c7afb366b3) revision 10078127'; Using compiler version '192528614'; Build Type 'Release'
OS: 'Windows 10 Home Single Language; OS build 19042.631; Version 2009; 64bit' Language: 'pt' Physical Memory: 8068 MB
BatchMode: 1, IsHumanControllingUs: 0, StartBugReporterOnCrash: 0, Is64bit: 1, IsPro: 0

 COMMAND LINE ARGUMENTS:
C:\Program Files\Unity\Hub\Editor\2020.3.11f1\Editor\Unity.exe
-adb2
-batchMode
-noUpm
-name
AssetImportWorker16
-projectPath
C:/Users/Samsung/Desktop/Projeto-Final/Projeto Final
-logFile
Logs/AssetImportWorker16.log
-srvPort
51962
Successfully changed project path to: C:/Users/Samsung/Desktop/Projeto-Final/Projeto Final
C:/Users/Samsung/Desktop/Projeto-Final/Projeto Final
Using Asset Import Pipeline V2.
Refreshing native plugins compatible for Editor in 435.76 ms, found 3 plugins.
Preloading 0 native plugins for Editor in 0.00 ms.
Initialize engine version: 2020.3.11f1 (99c7afb366b3)
[Subsystems] Discovering subsystems at path C:/Program Files/Unity/Hub/Editor/2020.3.11f1/Editor/Data/Resources/UnitySubsystems
[Subsystems] Discovering subsystems at path C:/Users/Samsung/Desktop/Projeto-Final/Projeto Final/Assets
GfxDevice: creating device client; threaded=0
Direct3D:
    Version:  Direct3D 11.0 [level 11.0]
    Renderer: NVIDIA GeForce 710M (ID=0x1140)
    Vendor:   
    VRAM:     1999 MB
    Driver:   21.21.13.6909
Initialize mono
Mono path[0] = 'C:/Program Files/Unity/Hub/Editor/2020.3.11f1/Editor/Data/Managed'
Mono path[1] = 'C:/Program Files/Unity/Hub/Editor/2020.3.11f1/Editor/Data/MonoBleedingEdge/lib/mono/unityjit'
Mono config path = 'C:/Program Files/Unity/Hub/Editor/2020.3.11f1/Editor/Data/MonoBleedingEdge/etc'
Using monoOptions --debugger-agent=transport=dt_socket,embedding=1,server=y,suspend=n,address=127.0.0.1:56104
Begin MonoManager ReloadAssembly
Registering precompiled unity dll's ...
Register platform support module: C:/Program Files/Unity/Hub/Editor/2020.3.11f1/Editor/Data/PlaybackEngines/WindowsStandaloneSupport/UnityEditor.WindowsStandalone.Extensions.dll
Registered in 0.019826 seconds.
Native extension for WindowsStandalone target not found
Refreshing native plugins compatible for Editor in 311.66 ms, found 3 plugins.
Preloading 0 native plugins for Editor in 0.00 ms.
Mono: successfully reloaded assembly
- Completed reload, in  8.948 seconds
Platform modules already initialized, skipping
Registering precompiled user dll's ...
Registered in 0.017679 seconds.
Begin MonoManager ReloadAssembly
Native extension for WindowsStandalone target not found
Refreshing native plugins compatible for Editor in 411.43 ms, found 3 plugins.
Preloading 0 native plugins for Editor in 0.00 ms.
Mono: successfully reloaded assembly
- Completed reload, in  7.701 seconds
Platform modules already initialized, skipping
========================================================================
Worker process is ready to serve import requests
Launched and connected shader compiler UnityShaderCompiler.exe after 0.36 seconds
Refreshing native plugins compatible for Editor in 4.36 ms, found 3 plugins.
Preloading 0 native plugins for Editor in 0.00 ms.
Unloading 2140 Unused Serialized files (Serialized files now loaded: 0)
System memory in use before: 96.3 MB.
System memory in use after: 96.3 MB.

Unloading 28 unused Assets to reduce memory usage. Loaded Objects now: 2580.
Total: 11.411500 ms (FindLiveObjects: 1.630700 ms CreateObjectMapping: 0.624500 ms MarkObjects: 8.818800 ms  DeleteObjects: 0.332500 ms)

========================================================================
Received Import Request.
  path: Assets/Prefab/Shot(Flutuante).prefab
  artifactKey: Guid(7b03e5e63201d704cb5f37efa627cf81) Importer(815301076,1909f56bfc062723c751e8b465ee728b)
Start importing Assets/Prefab/Shot(Flutuante).prefab using Guid(7b03e5e63201d704cb5f37efa627cf81) Importer(815301076,1909f56bfc062723c751e8b465ee728b)  -> (artifact id: '2d6389a9e691dbbf5312d488f75abb08') in 1.019131 seconds
  Import took 1.056570 seconds .

========================================================================
Received Prepare
Refreshing native plugins compatible for Editor in 128.13 ms, found 3 plugins.
Preloading 0 native plugins for Editor in 0.00 ms.
Unloading 14 Unused Serialized files (Serialized files now loaded: 0)
System memory in use before: 55.9 MB.
System memory in use after: 56.0 MB.

Unloading 14 unused Assets to reduce memory usage. Loaded Objects now: 2587.
Total: 29.044300 ms (FindLiveObjects: 1.413200 ms CreateObjectMapping: 0.524800 ms MarkObjects: 26.925900 ms  DeleteObjects: 0.175100 ms)

========================================================================
Received Prepare
Registering precompiled user dll's ...
Registered in 0.044021 seconds.
Begin MonoManager ReloadAssembly
Native extension for WindowsStandalone target not found
Refreshing native plugins compatible for Editor in 1.43 ms, found 3 plugins.
Preloading 0 native plugins for Editor in 0.00 ms.
Mono: successfully reloaded assembly
- Completed reload, in  7.264 seconds
Platform modules already initialized, skipping
Refreshing native plugins compatible for Editor in 2.92 ms, found 3 plugins.
Preloading 0 native plugins for Editor in 0.00 ms.
Unloading 2117 Unused Serialized files (Serialized files now loaded: 0)
System memory in use before: 97.4 MB.
System memory in use after: 97.5 MB.

Unloading 16 unused Assets to reduce memory usage. Loaded Objects now: 2591.
Total: 13.598700 ms (FindLiveObjects: 2.863100 ms CreateObjectMapping: 0.669200 ms MarkObjects: 10.005800 ms  DeleteObjects: 0.055200 ms)

========================================================================
Received Import Request.
  Time since last request: 126.341351 seconds.
  path: Assets/Prefab/Enemy Flutuante.prefab
  artifactKey: Guid(cb27331c8faf5734284efb4282d72f0b) Importer(815301076,1909f56bfc062723c751e8b465ee728b)
Start importing Assets/Prefab/Enemy Flutuante.prefab using Guid(cb27331c8faf5734284efb4282d72f0b) Importer(815301076,1909f56bfc062723c751e8b465ee728b)  -> (artifact id: 'b870f8dbd8eefc243b0d7a9eae9afc9c') in 0.370467 seconds
  Import took 0.403735 seconds .

========================================================================
Received Prepare
Registering precompiled user dll's ...
Registered in 0.084491 seconds.
Begin MonoManager ReloadAssembly
Native extension for WindowsStandalone target not found
Refreshing native plugins compatible for Editor in 1.96 ms, found 3 plugins.
Preloading 0 native plugins for Editor in 0.00 ms.
Mono: successfully reloaded assembly
- Completed reload, in  9.247 seconds
Platform modules already initialized, skipping
Refreshing native plugins compatible for Editor in 5.74 ms, found 3 plugins.
Preloading 0 native plugins for Editor in 0.00 ms.
Unloading 2117 Unused Serialized files (Serialized files now loaded: 0)
System memory in use before: 97.5 MB.
System memory in use after: 97.6 MB.

Unloading 16 unused Assets to reduce memory usage. Loaded Objects now: 2596.
Total: 7.146500 ms (FindLiveObjects: 0.659000 ms CreateObjectMapping: 0.250000 ms MarkObjects: 6.172700 ms  DeleteObjects: 0.060600 ms)

========================================================================
Received Import Request.
  Time since last request: 146.541580 seconds.
  path: Assets/Prefab/Enemy Flutuante.prefab
  artifactKey: Guid(cb27331c8faf5734284efb4282d72f0b) Importer(815301076,1909f56bfc062723c751e8b465ee728b)
Start importing Assets/Prefab/Enemy Flutuante.prefab using Guid(cb27331c8faf5734284efb4282d72f0b) Importer(815301076,1909f56bfc062723c751e8b465ee728b)  -> (artifact id: '0baea6c0136226748b9ede708525725e') in 2.700646 seconds
  Import took 2.725345 seconds .

========================================================================
Received Import Request.
  Time since last request: 2.486093 seconds.
  path: Assets/Prefab/Enemy Passaro.prefab
  artifactKey: Guid(8bf32ffad0c9d7341a1677c8a4f8360f) Importer(815301076,1909f56bfc062723c751e8b465ee728b)
Start importing Assets/Prefab/Enemy Passaro.prefab using Guid(8bf32ffad0c9d7341a1677c8a4f8360f) Importer(815301076,1909f56bfc062723c751e8b465ee728b)  -> (artifact id: '8582f0a90b3ac067fe3ee0e8b84663b7') in 0.392836 seconds
  Import took 0.450103 seconds .

========================================================================
Received Import Request.
  Time since last request: 3225.251224 seconds.
  path: Assets/Scripts/Enemy/BulletBoss.cs
  artifactKey: Guid(6b3a1bf653be41944b7b018a7488c1c7) Importer(815301076,1909f56bfc062723c751e8b465ee728b)
Start importing Assets/Scripts/Enemy/BulletBoss.cs using Guid(6b3a1bf653be41944b7b018a7488c1c7) Importer(815301076,1909f56bfc062723c751e8b465ee728b)  -> (artifact id: '2bcc6c0b2a25694ee95dd64d15fbd9bf') in 0.387838 seconds
  Import took 3.325980 seconds .

========================================================================
Received Prepare
Registering precompiled user dll's ...
Registered in 0.081872 seconds.
Begin MonoManager ReloadAssembly
Native extension for WindowsStandalone target not found
Refreshing native plugins compatible for Editor in 1.00 ms, found 3 plugins.
Preloading 0 native plugins for Editor in 0.00 ms.
Mono: successfully reloaded assembly
- Completed reload, in  9.055 seconds
Platform modules already initialized, skipping
Refreshing native plugins compatible for Editor in 1.10 ms, found 3 plugins.
Preloading 0 native plugins for Editor in 0.00 ms.
Unloading 2118 Unused Serialized files (Serialized files now loaded: 0)
System memory in use before: 97.6 MB.
System memory in use after: 97.7 MB.

Unloading 16 unused Assets to reduce memory usage. Loaded Objects now: 2602.
Total: 20.507400 ms (FindLiveObjects: 1.208800 ms CreateObjectMapping: 0.296400 ms MarkObjects: 18.927400 ms  DeleteObjects: 0.062000 ms)

========================================================================
Received Import Request.
  Time since last request: 83.636883 seconds.
  path: Assets/Scripts/Enemy/BulletBoss.cs
  artifactKey: Guid(6b3a1bf653be41944b7b018a7488c1c7) Importer(815301076,1909f56bfc062723c751e8b465ee728b)
Start importing Assets/Scripts/Enemy/BulletBoss.cs using Guid(6b3a1bf653be41944b7b018a7488c1c7) Importer(815301076,1909f56bfc062723c751e8b465ee728b)  -> (artifact id: '8a8634498fa41ba7ef4a64a6e432b8a0') in 0.130767 seconds
  Import took 0.158630 seconds .

========================================================================
Received Import Request.
  Time since last request: 226.827103 seconds.
  path: Assets/Prefab/Shot(Boss).prefab
  artifactKey: Guid(3fae8f58a9af4a741a8259dfcf0c4327) Importer(815301076,1909f56bfc062723c751e8b465ee728b)
Start importing Assets/Prefab/Shot(Boss).prefab using Guid(3fae8f58a9af4a741a8259dfcf0c4327) Importer(815301076,1909f56bfc062723c751e8b465ee728b)  -> (artifact id: '22f94d845e30c3ff040d058e3cc683ea') in 0.984240 seconds
  Import took 1.023618 seconds .

========================================================================
Received Import Request.
  Time since last request: 31.813865 seconds.
  path: Assets/Prefab/Enemy Boss.prefab
  artifactKey: Guid(a3f2cca2f846dd045b336b6eb683d651) Importer(815301076,1909f56bfc062723c751e8b465ee728b)
Start importing Assets/Prefab/Enemy Boss.prefab using Guid(a3f2cca2f846dd045b336b6eb683d651) Importer(815301076,1909f56bfc062723c751e8b465ee728b)  -> (artifact id: '868c36f499001d9072cca1dddd1b25b6') in 0.232710 seconds
  Import took 0.247470 seconds .

========================================================================
Received Import Request.
  Time since last request: 56.356158 seconds.
  path: Assets/Prefab/Shot(Flutuante).prefab
  artifactKey: Guid(7b03e5e63201d704cb5f37efa627cf81) Importer(815301076,1909f56bfc062723c751e8b465ee728b)
Start importing Assets/Prefab/Shot(Flutuante).prefab using Guid(7b03e5e63201d704cb5f37efa627cf81) Importer(815301076,1909f56bfc062723c751e8b465ee728b)  -> (artifact id: '5e9838528e2b3a236b7742b42628200b') in 0.329924 seconds
  Import took 0.472273 seconds .

========================================================================
Received Import Request.
  Time since last request: 0.037085 seconds.
  path: Assets/Prefab/Shot(Flutuante).prefab
  artifactKey: Guid(7b03e5e63201d704cb5f37efa627cf81) Importer(815301076,1909f56bfc062723c751e8b465ee728b)
Start importing Assets/Prefab/Shot(Flutuante).prefab using Guid(7b03e5e63201d704cb5f37efa627cf81) Importer(815301076,1909f56bfc062723c751e8b465ee728b)  -> (artifact id: '5e9838528e2b3a236b7742b42628200b') in 3.491381 seconds
  Import took 4.033039 seconds .

========================================================================
Received Import Request.
  Time since last request: 280.369963 seconds.
  path: Assets/Prefab/Shot(Boss).prefab
  artifactKey: Guid(3fae8f58a9af4a741a8259dfcf0c4327) Importer(815301076,1909f56bfc062723c751e8b465ee728b)
Start importing Assets/Prefab/Shot(Boss).prefab using Guid(3fae8f58a9af4a741a8259dfcf0c4327) Importer(815301076,1909f56bfc062723c751e8b465ee728b)  -> (artifact id: 'c9c8f4ecc4c1500c0e3b17f8607f0d68') in 0.571854 seconds
  Import took 0.662308 seconds .

========================================================================
Received Prepare
Registering precompiled user dll's ...
Registered in 0.033282 seconds.
Begin MonoManager ReloadAssembly
Native extension for WindowsStandalone target not found
Refreshing native plugins compatible for Editor in 3.23 ms, found 3 plugins.
Preloading 0 native plugins for Editor in 0.00 ms.
Mono: successfully reloaded assembly
- Completed reload, in 14.632 seconds
Platform modules already initialized, skipping
Refreshing native plugins compatible for Editor in 3.63 ms, found 3 plugins.
Preloading 0 native plugins for Editor in 0.00 ms.
Unloading 2118 Unused Serialized files (Serialized files now loaded: 0)
System memory in use before: 97.6 MB.
System memory in use after: 97.7 MB.

Unloading 16 unused Assets to reduce memory usage. Loaded Objects now: 2607.
Total: 18.275900 ms (FindLiveObjects: 1.818500 ms CreateObjectMapping: 0.752900 ms MarkObjects: 15.636000 ms  DeleteObjects: 0.064400 ms)

========================================================================
Received Import Request.
  Time since last request: 146.517702 seconds.
  path: Assets/Prefab/Shot(Boss).prefab
  artifactKey: Guid(3fae8f58a9af4a741a8259dfcf0c4327) Importer(815301076,1909f56bfc062723c751e8b465ee728b)
Start importing Assets/Prefab/Shot(Boss).prefab using Guid(3fae8f58a9af4a741a8259dfcf0c4327) Importer(815301076,1909f56bfc062723c751e8b465ee728b)  -> (artifact id: '44487a6a84d842af5cc04bd84cd2488a') in 0.361573 seconds
  Import took 0.388377 seconds .

========================================================================
Received Import Request.
  Time since last request: 25.527762 seconds.
  path: Assets/Prefab/Shot(Boss).prefab
  artifactKey: Guid(3fae8f58a9af4a741a8259dfcf0c4327) Importer(815301076,1909f56bfc062723c751e8b465ee728b)
Start importing Assets/Prefab/Shot(Boss).prefab using Guid(3fae8f58a9af4a741a8259dfcf0c4327) Importer(815301076,1909f56bfc062723c751e8b465ee728b)  -> (artifact id: 'ba28d0ac3e97dba37953140382d63476') in 0.313669 seconds
  Import took 0.531796 seconds .

========================================================================
Received Import Request.
  Time since last request: 14.271229 seconds.
  path: Assets/Prefab/Shot(Flutuante).prefab
  artifactKey: Guid(7b03e5e63201d704cb5f37efa627cf81) Importer(815301076,1909f56bfc062723c751e8b465ee728b)
Start importing Assets/Prefab/Shot(Flutuante).prefab using Guid(7b03e5e63201d704cb5f37efa627cf81) Importer(815301076,1909f56bfc062723c751e8b465ee728b)  -> (artifact id: 'b53d20538f00cc4a457695bf4b737da8') in 0.277571 seconds
  Import took 0.331314 seconds .

========================================================================
Received Import Request.
  Time since last request: 11.837308 seconds.
  path: Assets/Prefab/Shot(BulletEnemy).prefab
  artifactKey: Guid(c6d1f69be2c9a6b4a966501431274fea) Importer(815301076,1909f56bfc062723c751e8b465ee728b)
Start importing Assets/Prefab/Shot(BulletEnemy).prefab using Guid(c6d1f69be2c9a6b4a966501431274fea) Importer(815301076,1909f56bfc062723c751e8b465ee728b)  -> (artifact id: '683e4a24a6704366d013d7c1c5ce116d') in 2.070445 seconds
  Import took 2.222206 seconds .

========================================================================
Received Import Request.
  Time since last request: 0.927810 seconds.
  path: Assets/Prefab/Shot(BulletEnemy).prefab
  artifactKey: Guid(c6d1f69be2c9a6b4a966501431274fea) Importer(815301076,1909f56bfc062723c751e8b465ee728b)
Start importing Assets/Prefab/Shot(BulletEnemy).prefab using Guid(c6d1f69be2c9a6b4a966501431274fea) Importer(815301076,1909f56bfc062723c751e8b465ee728b)  -> (artifact id: '683e4a24a6704366d013d7c1c5ce116d') in 0.415102 seconds
  Import took 0.469972 seconds .

========================================================================
Received Prepare
Registering precompiled user dll's ...
Registered in 0.040155 seconds.
Begin MonoManager ReloadAssembly
Native extension for WindowsStandalone target not found
Refreshing native plugins compatible for Editor in 1.93 ms, found 3 plugins.
Preloading 0 native plugins for Editor in 0.00 ms.
Mono: successfully reloaded assembly
- Completed reload, in  4.377 seconds
Platform modules already initialized, skipping
Refreshing native plugins compatible for Editor in 1.39 ms, found 3 plugins.
Preloading 0 native plugins for Editor in 0.00 ms.
Unloading 2118 Unused Serialized files (Serialized files now loaded: 0)
System memory in use before: 97.6 MB.
System memory in use after: 97.7 MB.

Unloading 16 unused Assets to reduce memory usage. Loaded Objects now: 2612.
Total: 6.400000 ms (FindLiveObjects: 1.131000 ms CreateObjectMapping: 0.327300 ms MarkObjects: 4.886400 ms  DeleteObjects: 0.046600 ms)

========================================================================
Received Import Request.
  Time since last request: 992.826285 seconds.
  path: Assets/Scripts/Enemy/ShoterBoss.cs
  artifactKey: Guid(a6d67aa0122d0704c9319c85952aecc5) Importer(815301076,1909f56bfc062723c751e8b465ee728b)
Start importing Assets/Scripts/Enemy/ShoterBoss.cs using Guid(a6d67aa0122d0704c9319c85952aecc5) Importer(815301076,1909f56bfc062723c751e8b465ee728b)  -> (artifact id: 'b5ed4d769dd77057e8fd57af8aa920d5') in 0.130282 seconds
  Import took 0.150152 seconds .

========================================================================
Received Import Request.
  Time since last request: 0.591265 seconds.
  path: Assets/Scripts/Enemy/ShoterBoss.cs
  artifactKey: Guid(a6d67aa0122d0704c9319c85952aecc5) Importer(815301076,1909f56bfc062723c751e8b465ee728b)
Start importing Assets/Scripts/Enemy/ShoterBoss.cs using Guid(a6d67aa0122d0704c9319c85952aecc5) Importer(815301076,1909f56bfc062723c751e8b465ee728b)  -> (artifact id: 'b5ed4d769dd77057e8fd57af8aa920d5') in 0.215015 seconds
  Import took 0.289980 seconds .

========================================================================
Received Prepare
Registering precompiled user dll's ...
Registered in 0.031134 seconds.
Begin MonoManager ReloadAssembly
Native extension for WindowsStandalone target not found
Refreshing native plugins compatible for Editor in 1.10 ms, found 3 plugins.
Preloading 0 native plugins for Editor in 0.00 ms.
Mono: successfully reloaded assembly
- Completed reload, in  5.675 seconds
Platform modules already initialized, skipping
Refreshing native plugins compatible for Editor in 1.16 ms, found 3 plugins.
Preloading 0 native plugins for Editor in 0.00 ms.
Unloading 2119 Unused Serialized files (Serialized files now loaded: 0)
System memory in use before: 97.6 MB.
System memory in use after: 97.8 MB.

Unloading 16 unused Assets to reduce memory usage. Loaded Objects now: 2617.
Total: 11.405400 ms (FindLiveObjects: 0.356200 ms CreateObjectMapping: 0.201600 ms MarkObjects: 10.632000 ms  DeleteObjects: 0.207200 ms)

========================================================================
Received Prepare
Registering precompiled user dll's ...
Registered in 0.018863 seconds.
Begin MonoManager ReloadAssembly
Native extension for WindowsStandalone target not found
Refreshing native plugins compatible for Editor in 3.03 ms, found 3 plugins.
Preloading 0 native plugins for Editor in 0.00 ms.
Mono: successfully reloaded assembly
- Completed reload, in  3.997 seconds
Platform modules already initialized, skipping
Refreshing native plugins compatible for Editor in 1.05 ms, found 3 plugins.
Preloading 0 native plugins for Editor in 0.00 ms.
Unloading 2119 Unused Serialized files (Serialized files now loaded: 0)
System memory in use before: 97.6 MB.
System memory in use after: 97.8 MB.

Unloading 16 unused Assets to reduce memory usage. Loaded Objects now: 2621.
Total: 15.385200 ms (FindLiveObjects: 2.500200 ms CreateObjectMapping: 1.489600 ms MarkObjects: 11.251200 ms  DeleteObjects: 0.137300 ms)

========================================================================
Received Import Request.
  Time since last request: 66.868495 seconds.
  path: Assets/Scripts/Enemy/ShoterBoss.cs
  artifactKey: Guid(a6d67aa0122d0704c9319c85952aecc5) Importer(815301076,1909f56bfc062723c751e8b465ee728b)
Start importing Assets/Scripts/Enemy/ShoterBoss.cs using Guid(a6d67aa0122d0704c9319c85952aecc5) Importer(815301076,1909f56bfc062723c751e8b465ee728b)  -> (artifact id: '73efb604a735653486bba3e7c1c42e7d') in 0.068278 seconds
  Import took 0.083923 seconds .

========================================================================
Received Import Request.
  Time since last request: 178.299878 seconds.
  path: Assets/Prefab/Enemy Boss.prefab
  artifactKey: Guid(a3f2cca2f846dd045b336b6eb683d651) Importer(815301076,1909f56bfc062723c751e8b465ee728b)
Start importing Assets/Prefab/Enemy Boss.prefab using Guid(a3f2cca2f846dd045b336b6eb683d651) Importer(815301076,1909f56bfc062723c751e8b465ee728b)  -> (artifact id: 'ca9366a421423a962a1907a003c485f3') in 2.757903 seconds
  Import took 2.893514 seconds .

========================================================================
Received Prepare
Registering precompiled user dll's ...
Registered in 0.122154 seconds.
Begin MonoManager ReloadAssembly
Native extension for WindowsStandalone target not found
Refreshing native plugins compatible for Editor in 3.29 ms, found 3 plugins.
Preloading 0 native plugins for Editor in 0.00 ms.
Mono: successfully reloaded assembly
- Completed reload, in  7.706 seconds
Platform modules already initialized, skipping
Refreshing native plugins compatible for Editor in 2.18 ms, found 3 plugins.
Preloading 0 native plugins for Editor in 0.00 ms.
Unloading 2119 Unused Serialized files (Serialized files now loaded: 0)
System memory in use before: 97.7 MB.
System memory in use after: 97.8 MB.

Unloading 16 unused Assets to reduce memory usage. Loaded Objects now: 2626.
Total: 18.043900 ms (FindLiveObjects: 0.530300 ms CreateObjectMapping: 0.499900 ms MarkObjects: 16.862100 ms  DeleteObjects: 0.143800 ms)

========================================================================
Received Prepare
Registering precompiled user dll's ...
Registered in 0.028457 seconds.
Begin MonoManager ReloadAssembly
Native extension for WindowsStandalone target not found
Refreshing native plugins compatible for Editor in 0.99 ms, found 3 plugins.
Preloading 0 native plugins for Editor in 0.00 ms.
Mono: successfully reloaded assembly
- Completed reload, in  4.924 seconds
Platform modules already initialized, skipping
Refreshing native plugins compatible for Editor in 3.56 ms, found 3 plugins.
Preloading 0 native plugins for Editor in 0.00 ms.
Unloading 2119 Unused Serialized files (Serialized files now loaded: 0)
System memory in use before: 97.7 MB.
System memory in use after: 97.8 MB.

Unloading 16 unused Assets to reduce memory usage. Loaded Objects now: 2630.
Total: 11.473500 ms (FindLiveObjects: 0.557700 ms CreateObjectMapping: 0.299000 ms MarkObjects: 10.553800 ms  DeleteObjects: 0.059800 ms)

========================================================================
Received Prepare
Registering precompiled user dll's ...
Registered in 0.017057 seconds.
Begin MonoManager ReloadAssembly
Native extension for WindowsStandalone target not found
Refreshing native plugins compatible for Editor in 0.95 ms, found 3 plugins.
Preloading 0 native plugins for Editor in 0.00 ms.
Mono: successfully reloaded assembly
- Completed reload, in 15.937 seconds
Platform modules already initialized, skipping
Refreshing native plugins compatible for Editor in 2.50 ms, found 3 plugins.
Preloading 0 native plugins for Editor in 0.00 ms.
Unloading 2119 Unused Serialized files (Serialized files now loaded: 0)
System memory in use before: 97.7 MB.
System memory in use after: 97.8 MB.

Unloading 16 unused Assets to reduce memory usage. Loaded Objects now: 2634.
Total: 120.087100 ms (FindLiveObjects: 10.515500 ms CreateObjectMapping: 72.581400 ms MarkObjects: 36.778600 ms  DeleteObjects: 0.207700 ms)

========================================================================
Received Prepare
Registering precompiled user dll's ...
Registered in 0.037188 seconds.
Begin MonoManager ReloadAssembly
Native extension for WindowsStandalone target not found
Refreshing native plugins compatible for Editor in 1.40 ms, found 3 plugins.
Preloading 0 native plugins for Editor in 0.00 ms.
Mono: successfully reloaded assembly
- Completed reload, in  7.430 seconds
Platform modules already initialized, skipping
Refreshing native plugins compatible for Editor in 2.04 ms, found 3 plugins.
Preloading 0 native plugins for Editor in 0.00 ms.
Unloading 2119 Unused Serialized files (Serialized files now loaded: 0)
System memory in use before: 97.7 MB.
System memory in use after: 97.8 MB.

Unloading 16 unused Assets to reduce memory usage. Loaded Objects now: 2638.
Total: 6.545100 ms (FindLiveObjects: 0.450500 ms CreateObjectMapping: 0.312400 ms MarkObjects: 5.688600 ms  DeleteObjects: 0.089300 ms)

========================================================================
Received Import Request.
  Time since last request: 424.712570 seconds.
  path: Assets/Prefab/Shot(Boss).prefab
  artifactKey: Guid(3fae8f58a9af4a741a8259dfcf0c4327) Importer(815301076,1909f56bfc062723c751e8b465ee728b)
Start importing Assets/Prefab/Shot(Boss).prefab using Guid(3fae8f58a9af4a741a8259dfcf0c4327) Importer(815301076,1909f56bfc062723c751e8b465ee728b)  -> (artifact id: '46ca484b7b8c7f714539aedb3b9939c8') in 2.167587 seconds
  Import took 2.213412 seconds .

========================================================================
Received Prepare
Registering precompiled user dll's ...
Registered in 0.035715 seconds.
Begin MonoManager ReloadAssembly
Native extension for WindowsStandalone target not found
Refreshing native plugins compatible for Editor in 1.41 ms, found 3 plugins.
Preloading 0 native plugins for Editor in 0.00 ms.
Mono: successfully reloaded assembly
- Completed reload, in  8.292 seconds
Platform modules already initialized, skipping
Refreshing native plugins compatible for Editor in 1.57 ms, found 3 plugins.
Preloading 0 native plugins for Editor in 0.00 ms.
Unloading 2119 Unused Serialized files (Serialized files now loaded: 0)
System memory in use before: 97.7 MB.
System memory in use after: 97.8 MB.

Unloading 16 unused Assets to reduce memory usage. Loaded Objects now: 2643.
Total: 32.546500 ms (FindLiveObjects: 0.606100 ms CreateObjectMapping: 1.547800 ms MarkObjects: 30.223700 ms  DeleteObjects: 0.161600 ms)

========================================================================
Received Import Request.
  Time since last request: 99.229831 seconds.
  path: Assets/Prefab/Shot(Boss).prefab
  artifactKey: Guid(3fae8f58a9af4a741a8259dfcf0c4327) Importer(815301076,1909f56bfc062723c751e8b465ee728b)
Start importing Assets/Prefab/Shot(Boss).prefab using Guid(3fae8f58a9af4a741a8259dfcf0c4327) Importer(815301076,1909f56bfc062723c751e8b465ee728b)  -> (artifact id: 'd71596089bf2988ed8928af7c407f828') in 3.209075 seconds
  Import took 3.282815 seconds .

========================================================================
Received Prepare
Registering precompiled user dll's ...
Registered in 0.048636 seconds.
Begin MonoManager ReloadAssembly
Native extension for WindowsStandalone target not found
Refreshing native plugins compatible for Editor in 0.99 ms, found 3 plugins.
Preloading 0 native plugins for Editor in 0.00 ms.
Mono: successfully reloaded assembly
- Completed reload, in 10.166 seconds
Platform modules already initialized, skipping
Refreshing native plugins compatible for Editor in 2.64 ms, found 3 plugins.
Preloading 0 native plugins for Editor in 0.00 ms.
Unloading 2119 Unused Serialized files (Serialized files now loaded: 0)
System memory in use before: 97.7 MB.
System memory in use after: 97.8 MB.

Unloading 16 unused Assets to reduce memory usage. Loaded Objects now: 2648.
Total: 11.893500 ms (FindLiveObjects: 1.757700 ms CreateObjectMapping: 1.343700 ms MarkObjects: 8.726100 ms  DeleteObjects: 0.060700 ms)

========================================================================
Received Prepare
Registering precompiled user dll's ...
Registered in 0.120540 seconds.
Begin MonoManager ReloadAssembly
Native extension for WindowsStandalone target not found
Refreshing native plugins compatible for Editor in 11.52 ms, found 3 plugins.
Preloading 0 native plugins for Editor in 0.00 ms.
Mono: successfully reloaded assembly
- Completed reload, in 15.784 seconds
Platform modules already initialized, skipping
Refreshing native plugins compatible for Editor in 5.82 ms, found 3 plugins.
Preloading 0 native plugins for Editor in 0.00 ms.
Unloading 2119 Unused Serialized files (Serialized files now loaded: 0)
System memory in use before: 97.7 MB.
System memory in use after: 97.8 MB.

Unloading 16 unused Assets to reduce memory usage. Loaded Objects now: 2652.
Total: 10.280800 ms (FindLiveObjects: 1.379300 ms CreateObjectMapping: 0.455200 ms MarkObjects: 8.371700 ms  DeleteObjects: 0.070600 ms)

========================================================================
Received Import Request.
  Time since last request: 384.838729 seconds.
  path: Assets/Prefab/Shot(Boss).prefab
  artifactKey: Guid(3fae8f58a9af4a741a8259dfcf0c4327) Importer(815301076,1909f56bfc062723c751e8b465ee728b)
Start importing Assets/Prefab/Shot(Boss).prefab using Guid(3fae8f58a9af4a741a8259dfcf0c4327) Importer(815301076,1909f56bfc062723c751e8b465ee728b)  -> (artifact id: '562f41160af00ccb028915bd33d182da') in 2.267667 seconds
  Import took 3.055634 seconds .

========================================================================
Received Import Request.
  Time since last request: 0.048157 seconds.
  path: Assets/Prefab/Shot(Boss).prefab
  artifactKey: Guid(3fae8f58a9af4a741a8259dfcf0c4327) Importer(815301076,1909f56bfc062723c751e8b465ee728b)
Start importing Assets/Prefab/Shot(Boss).prefab using Guid(3fae8f58a9af4a741a8259dfcf0c4327) Importer(815301076,1909f56bfc062723c751e8b465ee728b)  -> (artifact id: '562f41160af00ccb028915bd33d182da') in 1.510756 seconds
  Import took 1.567625 seconds .

========================================================================
Received Import Request.
  Time since last request: 14.714300 seconds.
  path: Assets/Prefab/Shot(Flutuante).prefab
  artifactKey: Guid(7b03e5e63201d704cb5f37efa627cf81) Importer(815301076,1909f56bfc062723c751e8b465ee728b)
Start importing Assets/Prefab/Shot(Flutuante).prefab using Guid(7b03e5e63201d704cb5f37efa627cf81) Importer(815301076,1909f56bfc062723c751e8b465ee728b)  -> (artifact id: '6ea5be92291f150f3e4368cc2c8e01e6') in 0.975581 seconds
  Import took 1.268446 seconds .

========================================================================
Received Import Request.
  Time since last request: 1.169770 seconds.
  path: Assets/Prefab/Shot(Flutuante).prefab
  artifactKey: Guid(7b03e5e63201d704cb5f37efa627cf81) Importer(815301076,1909f56bfc062723c751e8b465ee728b)
Start importing Assets/Prefab/Shot(Flutuante).prefab using Guid(7b03e5e63201d704cb5f37efa627cf81) Importer(815301076,1909f56bfc062723c751e8b465ee728b)  -> (artifact id: '6ea5be92291f150f3e4368cc2c8e01e6') in 0.337157 seconds
  Import took 0.459979 seconds .

========================================================================
Received Import Request.
  Time since last request: 0.499079 seconds.
  path: Assets/Prefab/Shot(BulletEnemy).prefab
  artifactKey: Guid(c6d1f69be2c9a6b4a966501431274fea) Importer(815301076,1909f56bfc062723c751e8b465ee728b)
Start importing Assets/Prefab/Shot(BulletEnemy).prefab using Guid(c6d1f69be2c9a6b4a966501431274fea) Importer(815301076,1909f56bfc062723c751e8b465ee728b)  -> (artifact id: '6530032311612e7c81133bdb23451a62') in 0.200598 seconds
  Import took 0.248508 seconds .

========================================================================
Received Import Request.
  Time since last request: 2.762036 seconds.
  path: Assets/Prefab/Shot(Boss).prefab
  artifactKey: Guid(3fae8f58a9af4a741a8259dfcf0c4327) Importer(815301076,1909f56bfc062723c751e8b465ee728b)
Start importing Assets/Prefab/Shot(Boss).prefab using Guid(3fae8f58a9af4a741a8259dfcf0c4327) Importer(815301076,1909f56bfc062723c751e8b465ee728b)  -> (artifact id: '68acfef43f58150edc89352b8b23ba7c') in 0.240892 seconds
  Import took 0.283824 seconds .

========================================================================
Received Prepare
Registering precompiled user dll's ...
Registered in 0.011183 seconds.
Begin MonoManager ReloadAssembly
Native extension for WindowsStandalone target not found
Refreshing native plugins compatible for Editor in 1.54 ms, found 3 plugins.
Preloading 0 native plugins for Editor in 0.00 ms.
Mono: successfully reloaded assembly
- Completed reload, in  4.001 seconds
Platform modules already initialized, skipping
Refreshing native plugins compatible for Editor in 1.69 ms, found 3 plugins.
Preloading 0 native plugins for Editor in 0.00 ms.
Unloading 2119 Unused Serialized files (Serialized files now loaded: 0)
System memory in use before: 97.7 MB.
System memory in use after: 97.9 MB.

Unloading 16 unused Assets to reduce memory usage. Loaded Objects now: 2657.
Total: 4.410900 ms (FindLiveObjects: 0.313000 ms CreateObjectMapping: 0.158100 ms MarkObjects: 3.892400 ms  DeleteObjects: 0.044300 ms)

========================================================================
Received Import Request.
  Time since last request: 228.310944 seconds.
  path: Assets/Animations/Enemys/Boss Parado.anim
  artifactKey: Guid(60ca11cb5fe35cf4ebcd6a24107d5175) Importer(815301076,1909f56bfc062723c751e8b465ee728b)
Start importing Assets/Animations/Enemys/Boss Parado.anim using Guid(60ca11cb5fe35cf4ebcd6a24107d5175) Importer(815301076,1909f56bfc062723c751e8b465ee728b)  -> (artifact id: '9e65c243e43cc98caebf8bcdc74f3745') in 0.184801 seconds
  Import took 0.209821 seconds .

========================================================================
Received Import Request.
  Time since last request: 29.879286 seconds.
  path: Assets/Animations/Enemys/Enemy Boss 1.controller
  artifactKey: Guid(65373de9a86df034ea274a0971e04cf2) Importer(815301076,1909f56bfc062723c751e8b465ee728b)
Start importing Assets/Animations/Enemys/Enemy Boss 1.controller using Guid(65373de9a86df034ea274a0971e04cf2) Importer(815301076,1909f56bfc062723c751e8b465ee728b)  -> (artifact id: '31c93e29c20815c28ade5d8c8622c228') in 0.102751 seconds
  Import took 0.120568 seconds .

========================================================================
Received Import Request.
  Time since last request: 7.656759 seconds.
  path: Assets/Animations/Enemys/Enemy Boss.controller
  artifactKey: Guid(04e374b60005cc74ebf87faa7ed1283f) Importer(815301076,1909f56bfc062723c751e8b465ee728b)
Start importing Assets/Animations/Enemys/Enemy Boss.controller using Guid(04e374b60005cc74ebf87faa7ed1283f) Importer(815301076,1909f56bfc062723c751e8b465ee728b)  -> (artifact id: 'c61b792e9a25a553cccb183099eae2fc') in 0.125248 seconds
  Import took 0.183981 seconds .

========================================================================
Received Import Request.
  Time since last request: 6.342929 seconds.
  path: Assets/Animations/Enemys/Boss Parado.anim
  artifactKey: Guid(60ca11cb5fe35cf4ebcd6a24107d5175) Importer(815301076,1909f56bfc062723c751e8b465ee728b)
Start importing Assets/Animations/Enemys/Boss Parado.anim using Guid(60ca11cb5fe35cf4ebcd6a24107d5175) Importer(815301076,1909f56bfc062723c751e8b465ee728b)  -> (artifact id: '26a6dbdb192e175e714fb92612221c77') in 0.095043 seconds
  Import took 0.112222 seconds .

========================================================================
Received Prepare
Registering precompiled user dll's ...
Registered in 0.063950 seconds.
Begin MonoManager ReloadAssembly
Native extension for WindowsStandalone target not found
Refreshing native plugins compatible for Editor in 2.67 ms, found 3 plugins.
Preloading 0 native plugins for Editor in 0.00 ms.
Mono: successfully reloaded assembly
- Completed reload, in 10.007 seconds
Platform modules already initialized, skipping
Refreshing native plugins compatible for Editor in 25.24 ms, found 3 plugins.
Preloading 0 native plugins for Editor in 0.00 ms.
Unloading 2119 Unused Serialized files (Serialized files now loaded: 0)
System memory in use before: 97.8 MB.
System memory in use after: 97.9 MB.

Unloading 16 unused Assets to reduce memory usage. Loaded Objects now: 2661.
Total: 20.458500 ms (FindLiveObjects: 0.903100 ms CreateObjectMapping: 0.310300 ms MarkObjects: 19.165300 ms  DeleteObjects: 0.072200 ms)

========================================================================
Received Prepare
Registering precompiled user dll's ...
Registered in 0.220488 seconds.
Begin MonoManager ReloadAssembly
Native extension for WindowsStandalone target not found
Refreshing native plugins compatible for Editor in 2.45 ms, found 3 plugins.
Preloading 0 native plugins for Editor in 0.00 ms.
Mono: successfully reloaded assembly
- Completed reload, in  7.802 seconds
Platform modules already initialized, skipping
Refreshing native plugins compatible for Editor in 1.63 ms, found 3 plugins.
Preloading 0 native plugins for Editor in 0.00 ms.
Unloading 2119 Unused Serialized files (Serialized files now loaded: 0)
System memory in use before: 97.8 MB.
System memory in use after: 97.9 MB.

Unloading 16 unused Assets to reduce memory usage. Loaded Objects now: 2665.
Total: 14.912300 ms (FindLiveObjects: 1.693100 ms CreateObjectMapping: 2.433000 ms MarkObjects: 10.695300 ms  DeleteObjects: 0.085200 ms)

========================================================================
Received Import Request.
  Time since last request: 436.351702 seconds.
  path: Assets/Sprites/BG
  artifactKey: Guid(5cb4b4f924121f04c9c218896f0bc9ad) Importer(815301076,1909f56bfc062723c751e8b465ee728b)
Start importing Assets/Sprites/BG using Guid(5cb4b4f924121f04c9c218896f0bc9ad) Importer(815301076,1909f56bfc062723c751e8b465ee728b)  -> (artifact id: 'da9265df1163dc7463fedc3081728d89') in 0.050336 seconds
  Import took 0.059731 seconds .

========================================================================
Received Import Request.
  Time since last request: 21.675993 seconds.
  path: Assets/Sprites/tiledset/placa cima.png
  artifactKey: Guid(f6cd4f0ea8a5c12468c3e49b279d4ce5) Importer(815301076,1909f56bfc062723c751e8b465ee728b)
Start importing Assets/Sprites/tiledset/placa cima.png using Guid(f6cd4f0ea8a5c12468c3e49b279d4ce5) Importer(815301076,1909f56bfc062723c751e8b465ee728b)  -> (artifact id: 'ce963e5dd8cf607398d238885645caad') in 0.244770 seconds
  Import took 0.258582 seconds .

========================================================================
Received Import Request.
  Time since last request: 0.000558 seconds.
  path: Assets/Sprites/tiledset/placa reta.png
  artifactKey: Guid(417a11f347ee4ce4a925c04d8cc06ce2) Importer(815301076,1909f56bfc062723c751e8b465ee728b)
Start importing Assets/Sprites/tiledset/placa reta.png using Guid(417a11f347ee4ce4a925c04d8cc06ce2) Importer(815301076,1909f56bfc062723c751e8b465ee728b)  -> (artifact id: '0cc6213ffc110c8160d338604ef06208') in 0.043740 seconds
  Import took 0.052522 seconds .

========================================================================
Received Import Request.
  Time since last request: 10.155797 seconds.
  path: Assets/Sprites/tiledset/placa reta.png
  artifactKey: Guid(417a11f347ee4ce4a925c04d8cc06ce2) Importer(815301076,1909f56bfc062723c751e8b465ee728b)
Start importing Assets/Sprites/tiledset/placa reta.png using Guid(417a11f347ee4ce4a925c04d8cc06ce2) Importer(815301076,1909f56bfc062723c751e8b465ee728b)  -> (artifact id: '71500aa75ed98ed0ac518e195d6039b8') in 0.043889 seconds
  Import took 0.072387 seconds .

========================================================================
Received Import Request.
  Time since last request: 0.000666 seconds.
  path: Assets/Sprites/tiledset/placa cima.png
  artifactKey: Guid(f6cd4f0ea8a5c12468c3e49b279d4ce5) Importer(815301076,1909f56bfc062723c751e8b465ee728b)
Start importing Assets/Sprites/tiledset/placa cima.png using Guid(f6cd4f0ea8a5c12468c3e49b279d4ce5) Importer(815301076,1909f56bfc062723c751e8b465ee728b)  -> (artifact id: 'd3f534436d5ba2a7a017f73dc6d6cada') in 0.050725 seconds
  Import took 0.063828 seconds .

AssetImportWorkerClient::OnTransportError - code=2 error=End of file
