Using pre-set license
Built from '2020.3/staging' branch; Version is '2020.3.11f1 (99c7afb366b3) revision 10078127'; Using compiler version '192528614'; Build Type 'Release'
OS: 'Windows 10 Home Single Language; OS build 19042.631; Version 2009; 64bit' Language: 'pt' Physical Memory: 8068 MB
BatchMode: 1, IsHumanControllingUs: 0, StartBugReporterOnCrash: 0, Is64bit: 1, IsPro: 0

 COMMAND LINE ARGUMENTS:
C:\Program Files\Unity\Hub\Editor\2020.3.11f1\Editor\Unity.exe
-adb2
-batchMode
-noUpm
-name
AssetImportWorker3
-projectPath
C:/Users/Samsung/Desktop/Projeto-Final/Projeto Final
-logFile
Logs/AssetImportWorker3.log
-srvPort
56412
Successfully changed project path to: C:/Users/Samsung/Desktop/Projeto-Final/Projeto Final
C:/Users/Samsung/Desktop/Projeto-Final/Projeto Final
Using Asset Import Pipeline V2.
Refreshing native plugins compatible for Editor in 132.01 ms, found 3 plugins.
Preloading 0 native plugins for Editor in 0.00 ms.
Initialize engine version: 2020.3.11f1 (99c7afb366b3)
[Subsystems] Discovering subsystems at path C:/Program Files/Unity/Hub/Editor/2020.3.11f1/Editor/Data/Resources/UnitySubsystems
[Subsystems] Discovering subsystems at path C:/Users/Samsung/Desktop/Projeto-Final/Projeto Final/Assets
GfxDevice: creating device client; threaded=0
Direct3D:
    Version:  Direct3D 11.0 [level 11.0]
    Renderer: NVIDIA GeForce 710M (ID=0x1140)
    Vendor:   
    VRAM:     1999 MB
    Driver:   21.21.13.6909
Initialize mono
Mono path[0] = 'C:/Program Files/Unity/Hub/Editor/2020.3.11f1/Editor/Data/Managed'
Mono path[1] = 'C:/Program Files/Unity/Hub/Editor/2020.3.11f1/Editor/Data/MonoBleedingEdge/lib/mono/unityjit'
Mono config path = 'C:/Program Files/Unity/Hub/Editor/2020.3.11f1/Editor/Data/MonoBleedingEdge/etc'
Using monoOptions --debugger-agent=transport=dt_socket,embedding=1,server=y,suspend=n,address=127.0.0.1:56520
Begin MonoManager ReloadAssembly
Registering precompiled unity dll's ...
Register platform support module: C:/Program Files/Unity/Hub/Editor/2020.3.11f1/Editor/Data/PlaybackEngines/WindowsStandaloneSupport/UnityEditor.WindowsStandalone.Extensions.dll
Registered in 0.003053 seconds.
Native extension for WindowsStandalone target not found
Refreshing native plugins compatible for Editor in 179.08 ms, found 3 plugins.
Preloading 0 native plugins for Editor in 0.00 ms.
Mono: successfully reloaded assembly
- Completed reload, in  4.177 seconds
Platform modules already initialized, skipping
Registering precompiled user dll's ...
Registered in 0.030751 seconds.
Begin MonoManager ReloadAssembly
Native extension for WindowsStandalone target not found
Refreshing native plugins compatible for Editor in 150.87 ms, found 3 plugins.
Preloading 0 native plugins for Editor in 0.00 ms.
Mono: successfully reloaded assembly
- Completed reload, in  9.084 seconds
Platform modules already initialized, skipping
========================================================================
Worker process is ready to serve import requests
Launched and connected shader compiler UnityShaderCompiler.exe after 0.50 seconds
Refreshing native plugins compatible for Editor in 0.86 ms, found 3 plugins.
Preloading 0 native plugins for Editor in 0.00 ms.
Unloading 2137 Unused Serialized files (Serialized files now loaded: 0)
System memory in use before: 96.2 MB.
System memory in use after: 96.3 MB.

Unloading 28 unused Assets to reduce memory usage. Loaded Objects now: 2577.
Total: 6.515200 ms (FindLiveObjects: 0.280800 ms CreateObjectMapping: 0.207400 ms MarkObjects: 5.746700 ms  DeleteObjects: 0.277400 ms)

========================================================================
Received Import Request.
  path: Assets/Sprites/tiledset/portal 2.0.png
  artifactKey: Guid(a5102a3618f2f2846ad085f155fffb77) Importer(815301076,1909f56bfc062723c751e8b465ee728b)
Start importing Assets/Sprites/tiledset/portal 2.0.png using Guid(a5102a3618f2f2846ad085f155fffb77) Importer(815301076,1909f56bfc062723c751e8b465ee728b)  -> (artifact id: '0516420231e9ed3e89368aef6080cbe4') in 0.573062 seconds
  Import took 0.585031 seconds .

========================================================================
Received Import Request.
  Time since last request: 140.738596 seconds.
  path: Assets/Prefab/Player.prefab
  artifactKey: Guid(8885343d079538340aebe4484dddd892) Importer(815301076,1909f56bfc062723c751e8b465ee728b)
Start importing Assets/Prefab/Player.prefab using Guid(8885343d079538340aebe4484dddd892) Importer(815301076,1909f56bfc062723c751e8b465ee728b)  -> (artifact id: 'fea7418b75e350c549394e5d28bfb3c8') in 0.375050 seconds
  Import took 0.390873 seconds .

========================================================================
Received Import Request.
  Time since last request: 16.270981 seconds.
  path: Assets/Prefab/Player.prefab
  artifactKey: Guid(8885343d079538340aebe4484dddd892) Importer(815301076,1909f56bfc062723c751e8b465ee728b)
Start importing Assets/Prefab/Player.prefab using Guid(8885343d079538340aebe4484dddd892) Importer(815301076,1909f56bfc062723c751e8b465ee728b)  -> (artifact id: '4626fa15f2867749725ef81387578b2a') in 0.174269 seconds
  Import took 0.184356 seconds .

========================================================================
Received Import Request.
  Time since last request: 6.900234 seconds.
  path: Assets/Prefab/Player.prefab
  artifactKey: Guid(8885343d079538340aebe4484dddd892) Importer(815301076,1909f56bfc062723c751e8b465ee728b)
Start importing Assets/Prefab/Player.prefab using Guid(8885343d079538340aebe4484dddd892) Importer(815301076,1909f56bfc062723c751e8b465ee728b)  -> (artifact id: 'd900d382b5585eee42efab0c2cfc75dd') in 0.103550 seconds
  Import took 0.118743 seconds .

========================================================================
Received Import Request.
  Time since last request: 1.690665 seconds.
  path: Assets/Prefab/Player.prefab
  artifactKey: Guid(8885343d079538340aebe4484dddd892) Importer(815301076,1909f56bfc062723c751e8b465ee728b)
Start importing Assets/Prefab/Player.prefab using Guid(8885343d079538340aebe4484dddd892) Importer(815301076,1909f56bfc062723c751e8b465ee728b)  -> (artifact id: '59b54cecc44a39fedb9955ec927306c6') in 0.182210 seconds
  Import took 0.208960 seconds .

========================================================================
Received Import Request.
  Time since last request: 4.699478 seconds.
  path: Assets/Prefab/Player.prefab
  artifactKey: Guid(8885343d079538340aebe4484dddd892) Importer(815301076,1909f56bfc062723c751e8b465ee728b)
Start importing Assets/Prefab/Player.prefab using Guid(8885343d079538340aebe4484dddd892) Importer(815301076,1909f56bfc062723c751e8b465ee728b)  -> (artifact id: '5cd6084068096c14048d0734348fa50e') in 0.091519 seconds
  Import took 0.150494 seconds .

========================================================================
Received Prepare
Registering precompiled user dll's ...
Registered in 0.010427 seconds.
Begin MonoManager ReloadAssembly
Native extension for WindowsStandalone target not found
Refreshing native plugins compatible for Editor in 13.70 ms, found 3 plugins.
Preloading 0 native plugins for Editor in 0.00 ms.
Mono: successfully reloaded assembly
- Completed reload, in  4.102 seconds
Platform modules already initialized, skipping
Refreshing native plugins compatible for Editor in 1.24 ms, found 3 plugins.
Preloading 0 native plugins for Editor in 0.00 ms.
Unloading 2114 Unused Serialized files (Serialized files now loaded: 0)
System memory in use before: 97.4 MB.
System memory in use after: 97.6 MB.

Unloading 16 unused Assets to reduce memory usage. Loaded Objects now: 2591.
Total: 10.174500 ms (FindLiveObjects: 3.061400 ms CreateObjectMapping: 0.636600 ms MarkObjects: 6.436900 ms  DeleteObjects: 0.036600 ms)

========================================================================
Received Prepare
Registering precompiled user dll's ...
Registered in 0.017103 seconds.
Begin MonoManager ReloadAssembly
Native extension for WindowsStandalone target not found
Refreshing native plugins compatible for Editor in 1.38 ms, found 3 plugins.
Preloading 0 native plugins for Editor in 0.00 ms.
Mono: successfully reloaded assembly
- Completed reload, in  3.471 seconds
Platform modules already initialized, skipping
Refreshing native plugins compatible for Editor in 0.75 ms, found 3 plugins.
Preloading 0 native plugins for Editor in 0.00 ms.
Unloading 2114 Unused Serialized files (Serialized files now loaded: 0)
System memory in use before: 97.5 MB.
System memory in use after: 97.6 MB.

Unloading 16 unused Assets to reduce memory usage. Loaded Objects now: 2595.
Total: 5.881000 ms (FindLiveObjects: 0.419900 ms CreateObjectMapping: 0.260600 ms MarkObjects: 5.160000 ms  DeleteObjects: 0.037200 ms)

========================================================================
Received Prepare
Registering precompiled user dll's ...
Registered in 0.016162 seconds.
Begin MonoManager ReloadAssembly
Native extension for WindowsStandalone target not found
Refreshing native plugins compatible for Editor in 0.76 ms, found 3 plugins.
Preloading 0 native plugins for Editor in 0.00 ms.
Mono: successfully reloaded assembly
- Completed reload, in  3.560 seconds
Platform modules already initialized, skipping
Refreshing native plugins compatible for Editor in 1.93 ms, found 3 plugins.
Preloading 0 native plugins for Editor in 0.00 ms.
Unloading 2114 Unused Serialized files (Serialized files now loaded: 0)
System memory in use before: 97.5 MB.
System memory in use after: 97.6 MB.

Unloading 16 unused Assets to reduce memory usage. Loaded Objects now: 2599.
Total: 51.926200 ms (FindLiveObjects: 6.129800 ms CreateObjectMapping: 0.357400 ms MarkObjects: 45.266700 ms  DeleteObjects: 0.160500 ms)

========================================================================
Received Prepare
Registering precompiled user dll's ...
Registered in 0.013192 seconds.
Begin MonoManager ReloadAssembly
Native extension for WindowsStandalone target not found
Refreshing native plugins compatible for Editor in 1.93 ms, found 3 plugins.
Preloading 0 native plugins for Editor in 0.00 ms.
Mono: successfully reloaded assembly
- Completed reload, in 15.944 seconds
Platform modules already initialized, skipping
Refreshing native plugins compatible for Editor in 3.32 ms, found 3 plugins.
Preloading 0 native plugins for Editor in 0.00 ms.
Unloading 2114 Unused Serialized files (Serialized files now loaded: 0)
System memory in use before: 97.5 MB.
System memory in use after: 97.6 MB.

Unloading 16 unused Assets to reduce memory usage. Loaded Objects now: 2603.
Total: 12.620400 ms (FindLiveObjects: 0.667500 ms CreateObjectMapping: 1.283100 ms MarkObjects: 10.614500 ms  DeleteObjects: 0.052200 ms)

========================================================================
Received Prepare
Registering precompiled user dll's ...
Registered in 0.007676 seconds.
Begin MonoManager ReloadAssembly
Native extension for WindowsStandalone target not found
Refreshing native plugins compatible for Editor in 1.36 ms, found 3 plugins.
Preloading 0 native plugins for Editor in 0.00 ms.
Mono: successfully reloaded assembly
- Completed reload, in  7.624 seconds
Platform modules already initialized, skipping
Refreshing native plugins compatible for Editor in 1.86 ms, found 3 plugins.
Preloading 0 native plugins for Editor in 0.00 ms.
Unloading 2114 Unused Serialized files (Serialized files now loaded: 0)
System memory in use before: 97.5 MB.
System memory in use after: 97.7 MB.

Unloading 16 unused Assets to reduce memory usage. Loaded Objects now: 2607.
Total: 9.843600 ms (FindLiveObjects: 0.430000 ms CreateObjectMapping: 0.321800 ms MarkObjects: 8.903000 ms  DeleteObjects: 0.184100 ms)

========================================================================
Received Import Request.
  Time since last request: 1085.862615 seconds.
  path: Assets/Prefab/Player.prefab
  artifactKey: Guid(8885343d079538340aebe4484dddd892) Importer(815301076,1909f56bfc062723c751e8b465ee728b)
Start importing Assets/Prefab/Player.prefab using Guid(8885343d079538340aebe4484dddd892) Importer(815301076,1909f56bfc062723c751e8b465ee728b)  -> (artifact id: 'dc7796b36b39f4c430f93028379a2960') in 0.723703 seconds
  Import took 0.739102 seconds .

========================================================================
Received Prepare
Registering precompiled user dll's ...
Registered in 0.015969 seconds.
Begin MonoManager ReloadAssembly
Native extension for WindowsStandalone target not found
Refreshing native plugins compatible for Editor in 119.25 ms, found 3 plugins.
Preloading 0 native plugins for Editor in 0.00 ms.
Mono: successfully reloaded assembly
- Completed reload, in 19.756 seconds
Platform modules already initialized, skipping
Refreshing native plugins compatible for Editor in 3.86 ms, found 3 plugins.
Preloading 0 native plugins for Editor in 0.00 ms.
Unloading 2114 Unused Serialized files (Serialized files now loaded: 0)
System memory in use before: 97.5 MB.
System memory in use after: 97.7 MB.

Unloading 16 unused Assets to reduce memory usage. Loaded Objects now: 2612.
Total: 65.366600 ms (FindLiveObjects: 1.250400 ms CreateObjectMapping: 0.956400 ms MarkObjects: 63.035000 ms  DeleteObjects: 0.118600 ms)

========================================================================
Received Prepare
Registering precompiled user dll's ...
Registered in 0.117332 seconds.
Begin MonoManager ReloadAssembly
Native extension for WindowsStandalone target not found
Refreshing native plugins compatible for Editor in 2.02 ms, found 3 plugins.
Preloading 0 native plugins for Editor in 0.00 ms.
Mono: successfully reloaded assembly
- Completed reload, in 13.664 seconds
Platform modules already initialized, skipping
Refreshing native plugins compatible for Editor in 5.99 ms, found 3 plugins.
Preloading 0 native plugins for Editor in 0.00 ms.
Unloading 2114 Unused Serialized files (Serialized files now loaded: 0)
System memory in use before: 97.6 MB.
System memory in use after: 97.7 MB.

Unloading 16 unused Assets to reduce memory usage. Loaded Objects now: 2616.
Total: 4.090300 ms (FindLiveObjects: 0.318800 ms CreateObjectMapping: 0.171900 ms MarkObjects: 3.564200 ms  DeleteObjects: 0.032600 ms)

========================================================================
Received Prepare
Registering precompiled user dll's ...
Registered in 0.243826 seconds.
Begin MonoManager ReloadAssembly
Native extension for WindowsStandalone target not found
Refreshing native plugins compatible for Editor in 0.87 ms, found 3 plugins.
Preloading 0 native plugins for Editor in 0.00 ms.
Mono: successfully reloaded assembly
- Completed reload, in 11.380 seconds
Platform modules already initialized, skipping
Refreshing native plugins compatible for Editor in 41.25 ms, found 3 plugins.
Preloading 0 native plugins for Editor in 0.00 ms.
Unloading 2114 Unused Serialized files (Serialized files now loaded: 0)
System memory in use before: 97.6 MB.
System memory in use after: 97.7 MB.

Unloading 16 unused Assets to reduce memory usage. Loaded Objects now: 2620.
Total: 14.854800 ms (FindLiveObjects: 1.129400 ms CreateObjectMapping: 1.869000 ms MarkObjects: 11.800200 ms  DeleteObjects: 0.051500 ms)

========================================================================
Received Prepare
Registering precompiled user dll's ...
Registered in 0.170913 seconds.
Begin MonoManager ReloadAssembly
Native extension for WindowsStandalone target not found
Refreshing native plugins compatible for Editor in 0.85 ms, found 3 plugins.
Preloading 0 native plugins for Editor in 0.00 ms.
Mono: successfully reloaded assembly
- Completed reload, in 15.915 seconds
Platform modules already initialized, skipping
Refreshing native plugins compatible for Editor in 10.84 ms, found 3 plugins.
Preloading 0 native plugins for Editor in 0.00 ms.
Unloading 2114 Unused Serialized files (Serialized files now loaded: 0)
System memory in use before: 97.6 MB.
System memory in use after: 97.7 MB.

Unloading 16 unused Assets to reduce memory usage. Loaded Objects now: 2624.
Total: 32.727900 ms (FindLiveObjects: 1.668000 ms CreateObjectMapping: 0.399500 ms MarkObjects: 30.581200 ms  DeleteObjects: 0.070800 ms)

========================================================================
Received Prepare
Registering precompiled user dll's ...
Registered in 0.206565 seconds.
Begin MonoManager ReloadAssembly
Native extension for WindowsStandalone target not found
Refreshing native plugins compatible for Editor in 3.55 ms, found 3 plugins.
Preloading 0 native plugins for Editor in 0.00 ms.
Mono: successfully reloaded assembly
- Completed reload, in 26.931 seconds
Platform modules already initialized, skipping
Refreshing native plugins compatible for Editor in 2.47 ms, found 3 plugins.
Preloading 0 native plugins for Editor in 0.00 ms.
Unloading 2114 Unused Serialized files (Serialized files now loaded: 0)
System memory in use before: 97.6 MB.
System memory in use after: 97.7 MB.

Unloading 16 unused Assets to reduce memory usage. Loaded Objects now: 2628.
Total: 5.080000 ms (FindLiveObjects: 0.490800 ms CreateObjectMapping: 0.207300 ms MarkObjects: 4.344700 ms  DeleteObjects: 0.034700 ms)

========================================================================
Received Prepare
Registering precompiled user dll's ...
Registered in 0.049083 seconds.
Begin MonoManager ReloadAssembly
Native extension for WindowsStandalone target not found
Refreshing native plugins compatible for Editor in 2.36 ms, found 3 plugins.
Preloading 0 native plugins for Editor in 0.00 ms.
Mono: successfully reloaded assembly
- Completed reload, in 10.859 seconds
Platform modules already initialized, skipping
Refreshing native plugins compatible for Editor in 22.52 ms, found 3 plugins.
Preloading 0 native plugins for Editor in 0.00 ms.
Unloading 2114 Unused Serialized files (Serialized files now loaded: 0)
System memory in use before: 97.6 MB.
System memory in use after: 97.7 MB.

Unloading 16 unused Assets to reduce memory usage. Loaded Objects now: 2632.
Total: 5.175400 ms (FindLiveObjects: 0.387700 ms CreateObjectMapping: 0.157300 ms MarkObjects: 4.573600 ms  DeleteObjects: 0.050900 ms)

========================================================================
Received Prepare
Registering precompiled user dll's ...
Registered in 0.036883 seconds.
Begin MonoManager ReloadAssembly
Native extension for WindowsStandalone target not found
Refreshing native plugins compatible for Editor in 0.78 ms, found 3 plugins.
Preloading 0 native plugins for Editor in 0.00 ms.
Mono: successfully reloaded assembly
- Completed reload, in  8.302 seconds
Platform modules already initialized, skipping
Refreshing native plugins compatible for Editor in 1.79 ms, found 3 plugins.
Preloading 0 native plugins for Editor in 0.00 ms.
Unloading 2114 Unused Serialized files (Serialized files now loaded: 0)
System memory in use before: 97.6 MB.
System memory in use after: 97.7 MB.

Unloading 16 unused Assets to reduce memory usage. Loaded Objects now: 2636.
Total: 18.560500 ms (FindLiveObjects: 5.496500 ms CreateObjectMapping: 6.431200 ms MarkObjects: 6.451700 ms  DeleteObjects: 0.171300 ms)

========================================================================
Received Prepare
Registering precompiled user dll's ...
Registered in 0.021726 seconds.
Begin MonoManager ReloadAssembly
Native extension for WindowsStandalone target not found
Refreshing native plugins compatible for Editor in 1.03 ms, found 3 plugins.
Preloading 0 native plugins for Editor in 0.00 ms.
Mono: successfully reloaded assembly
- Completed reload, in 14.074 seconds
Platform modules already initialized, skipping
Refreshing native plugins compatible for Editor in 48.02 ms, found 3 plugins.
Preloading 0 native plugins for Editor in 0.00 ms.
Unloading 2114 Unused Serialized files (Serialized files now loaded: 0)
System memory in use before: 97.6 MB.
System memory in use after: 97.7 MB.

Unloading 16 unused Assets to reduce memory usage. Loaded Objects now: 2640.
Total: 26.462700 ms (FindLiveObjects: 11.776600 ms CreateObjectMapping: 0.359800 ms MarkObjects: 14.209600 ms  DeleteObjects: 0.097900 ms)

========================================================================
Received Import Request.
  Time since last request: 918.337311 seconds.
  path: Assets/SF/Tematicos/Early Avril - Unicorn Head.mp3
  artifactKey: Guid(883821ad5bffffe4fb1f06327ec49a05) Importer(815301076,1909f56bfc062723c751e8b465ee728b)
Start importing Assets/SF/Tematicos/Early Avril - Unicorn Head.mp3 using Guid(883821ad5bffffe4fb1f06327ec49a05) Importer(815301076,1909f56bfc062723c751e8b465ee728b)  -> (artifact id: '17531e7a078aa7b45646c255700e8a74') in 1.110463 seconds
  Import took 1.178434 seconds .

========================================================================
Received Import Request.
  Time since last request: 0.001424 seconds.
  path: Assets/SF/Tematicos/Factory Background.mp3
  artifactKey: Guid(5ae961d664a095249aa405b13e0dd4d6) Importer(815301076,1909f56bfc062723c751e8b465ee728b)
Start importing Assets/SF/Tematicos/Factory Background.mp3 using Guid(5ae961d664a095249aa405b13e0dd4d6) Importer(815301076,1909f56bfc062723c751e8b465ee728b)  -> (artifact id: '9f3025a855748baabc97fe488db3596a') in 0.255478 seconds
  Import took 0.305940 seconds .

========================================================================
Received Import Request.
  Time since last request: 0.002125 seconds.
  path: Assets/SF/Tematicos/Six Seasons - Unicorn Heads.mp3
  artifactKey: Guid(e7720f11bb1afa54e87b2e3f765b21a9) Importer(815301076,1909f56bfc062723c751e8b465ee728b)
Start importing Assets/SF/Tematicos/Six Seasons - Unicorn Heads.mp3 using Guid(e7720f11bb1afa54e87b2e3f765b21a9) Importer(815301076,1909f56bfc062723c751e8b465ee728b)  -> (artifact id: '2649abe4c276f9ee993a02195f5acb30') in 0.121591 seconds
  Import took 0.584205 seconds .

========================================================================
Received Import Request.
  Time since last request: 44.445679 seconds.
  path: Assets/SF/Tematicos/Fogo
  artifactKey: Guid(6a5e0d107a39d2042a2abc7629b063b2) Importer(815301076,1909f56bfc062723c751e8b465ee728b)
Start importing Assets/SF/Tematicos/Fogo using Guid(6a5e0d107a39d2042a2abc7629b063b2) Importer(815301076,1909f56bfc062723c751e8b465ee728b)  -> (artifact id: 'ce0034b2998e0ada7921a698e06b3398') in 0.113223 seconds
  Import took 0.173094 seconds .

========================================================================
Received Import Request.
  Time since last request: 0.000551 seconds.
  path: Assets/SF/Tematicos/Fogo/Musica.Fogo.mp3
  artifactKey: Guid(5b352ae88b5ee6f45afc717072063881) Importer(815301076,1909f56bfc062723c751e8b465ee728b)
Start importing Assets/SF/Tematicos/Fogo/Musica.Fogo.mp3 using Guid(5b352ae88b5ee6f45afc717072063881) Importer(815301076,1909f56bfc062723c751e8b465ee728b)  -> (artifact id: 'd7c0dcfc95bbc5395d5f39ff0c168769') in 0.220604 seconds
  Import took 0.238891 seconds .

========================================================================
Received Prepare
Registering precompiled user dll's ...
Registered in 0.093591 seconds.
Begin MonoManager ReloadAssembly
Native extension for WindowsStandalone target not found
Refreshing native plugins compatible for Editor in 1.85 ms, found 3 plugins.
Preloading 0 native plugins for Editor in 0.00 ms.
Mono: successfully reloaded assembly
- Completed reload, in 21.771 seconds
Platform modules already initialized, skipping
Refreshing native plugins compatible for Editor in 0.81 ms, found 3 plugins.
Preloading 0 native plugins for Editor in 0.00 ms.
Unloading 2114 Unused Serialized files (Serialized files now loaded: 0)
System memory in use before: 97.7 MB.
System memory in use after: 97.8 MB.

Unloading 16 unused Assets to reduce memory usage. Loaded Objects now: 2647.
Total: 36.924800 ms (FindLiveObjects: 2.939600 ms CreateObjectMapping: 6.323300 ms MarkObjects: 27.490200 ms  DeleteObjects: 0.167800 ms)

========================================================================
Received Prepare
Registering precompiled user dll's ...
Registered in 0.076886 seconds.
Begin MonoManager ReloadAssembly
Native extension for WindowsStandalone target not found
Refreshing native plugins compatible for Editor in 1.83 ms, found 3 plugins.
Preloading 0 native plugins for Editor in 0.00 ms.
Mono: successfully reloaded assembly
- Completed reload, in 27.845 seconds
Platform modules already initialized, skipping
Refreshing native plugins compatible for Editor in 4.19 ms, found 3 plugins.
Preloading 0 native plugins for Editor in 0.00 ms.
Unloading 2114 Unused Serialized files (Serialized files now loaded: 0)
System memory in use before: 97.7 MB.
System memory in use after: 97.8 MB.

Unloading 16 unused Assets to reduce memory usage. Loaded Objects now: 2651.
Total: 11.103100 ms (FindLiveObjects: 3.217500 ms CreateObjectMapping: 0.506600 ms MarkObjects: 7.284100 ms  DeleteObjects: 0.087100 ms)

========================================================================
Received Import Request.
  Time since last request: 796.270934 seconds.
  path: Assets/SF/Tematicos/Vento/Vital Whales VENTO TEMA.mp3
  artifactKey: Guid(ef4ffe99fa2c77e48a7d27adbaf752a8) Importer(815301076,1909f56bfc062723c751e8b465ee728b)
Start importing Assets/SF/Tematicos/Vento/Vital Whales VENTO TEMA.mp3 using Guid(ef4ffe99fa2c77e48a7d27adbaf752a8) Importer(815301076,1909f56bfc062723c751e8b465ee728b)  -> (artifact id: 'b64b557c5c56fa5c0b6a40cc9d7a62c2') in 1.950884 seconds
  Import took 2.068807 seconds .

========================================================================
Received Prepare
Registering precompiled user dll's ...
Registered in 0.025689 seconds.
Begin MonoManager ReloadAssembly
Native extension for WindowsStandalone target not found
Refreshing native plugins compatible for Editor in 18.58 ms, found 3 plugins.
Preloading 0 native plugins for Editor in 0.00 ms.
Mono: successfully reloaded assembly
- Completed reload, in 19.013 seconds
Platform modules already initialized, skipping
Refreshing native plugins compatible for Editor in 36.49 ms, found 3 plugins.
Preloading 0 native plugins for Editor in 0.00 ms.
Unloading 2114 Unused Serialized files (Serialized files now loaded: 0)
System memory in use before: 97.7 MB.
System memory in use after: 97.8 MB.

Unloading 16 unused Assets to reduce memory usage. Loaded Objects now: 2656.
Total: 8.739700 ms (FindLiveObjects: 1.051600 ms CreateObjectMapping: 0.444800 ms MarkObjects: 7.185800 ms  DeleteObjects: 0.053400 ms)

========================================================================
Received Import Request.
  Time since last request: 814.346260 seconds.
  path: Assets/Sprites/Enemy/Boss/Boss Idle.png
  artifactKey: Guid(a6fd22078f8b45a469b00d60d6b0ce60) Importer(815301076,1909f56bfc062723c751e8b465ee728b)
Start importing Assets/Sprites/Enemy/Boss/Boss Idle.png using Guid(a6fd22078f8b45a469b00d60d6b0ce60) Importer(815301076,1909f56bfc062723c751e8b465ee728b)  -> (artifact id: '540a4356da2b404a5172ac553f8b0d6e') in 2.041887 seconds
  Import took 2.145864 seconds .

========================================================================
Received Import Request.
  Time since last request: 0.000500 seconds.
  path: Assets/Sprites/Enemy/Boss/Boss Idle2.png
  artifactKey: Guid(d13de1bbf8e78654985c7a0b4bc480a4) Importer(815301076,1909f56bfc062723c751e8b465ee728b)
Start importing Assets/Sprites/Enemy/Boss/Boss Idle2.png using Guid(d13de1bbf8e78654985c7a0b4bc480a4) Importer(815301076,1909f56bfc062723c751e8b465ee728b)  -> (artifact id: '0c081553a4afc639f1dff28f3caf9eca') in 0.868969 seconds
  Import took 1.148678 seconds .

AssetImportWorkerClient::OnTransportError - code=2 error=End of file
