Using pre-set license
Built from '2020.3/staging' branch; Version is '2020.3.11f1 (99c7afb366b3) revision 10078127'; Using compiler version '192528614'; Build Type 'Release'
OS: 'Windows 10 Home Single Language; OS build 19042.631; Version 2009; 64bit' Language: 'pt' Physical Memory: 8068 MB
BatchMode: 1, IsHumanControllingUs: 0, StartBugReporterOnCrash: 0, Is64bit: 1, IsPro: 0

 COMMAND LINE ARGUMENTS:
C:\Program Files\Unity\Hub\Editor\2020.3.11f1\Editor\Unity.exe
-adb2
-batchMode
-noUpm
-name
AssetImportWorker1
-projectPath
C:/Users/Samsung/Desktop/Projeto-Final/Projeto Final
-logFile
Logs/AssetImportWorker1.log
-srvPort
64006
Successfully changed project path to: C:/Users/Samsung/Desktop/Projeto-Final/Projeto Final
C:/Users/Samsung/Desktop/Projeto-Final/Projeto Final
Using Asset Import Pipeline V2.
Refreshing native plugins compatible for Editor in 83.58 ms, found 3 plugins.
Preloading 0 native plugins for Editor in 0.00 ms.
Initialize engine version: 2020.3.11f1 (99c7afb366b3)
[Subsystems] Discovering subsystems at path C:/Program Files/Unity/Hub/Editor/2020.3.11f1/Editor/Data/Resources/UnitySubsystems
[Subsystems] Discovering subsystems at path C:/Users/Samsung/Desktop/Projeto-Final/Projeto Final/Assets
GfxDevice: creating device client; threaded=0
Direct3D:
    Version:  Direct3D 11.0 [level 11.0]
    Renderer: NVIDIA GeForce 710M (ID=0x1140)
    Vendor:   
    VRAM:     1999 MB
    Driver:   21.21.13.6909
Initialize mono
Mono path[0] = 'C:/Program Files/Unity/Hub/Editor/2020.3.11f1/Editor/Data/Managed'
Mono path[1] = 'C:/Program Files/Unity/Hub/Editor/2020.3.11f1/Editor/Data/MonoBleedingEdge/lib/mono/unityjit'
Mono config path = 'C:/Program Files/Unity/Hub/Editor/2020.3.11f1/Editor/Data/MonoBleedingEdge/etc'
Using monoOptions --debugger-agent=transport=dt_socket,embedding=1,server=y,suspend=n,address=127.0.0.1:56192
Begin MonoManager ReloadAssembly
Registering precompiled unity dll's ...
Register platform support module: C:/Program Files/Unity/Hub/Editor/2020.3.11f1/Editor/Data/PlaybackEngines/WindowsStandaloneSupport/UnityEditor.WindowsStandalone.Extensions.dll
Registered in 0.002941 seconds.
Native extension for WindowsStandalone target not found
Refreshing native plugins compatible for Editor in 106.42 ms, found 3 plugins.
Preloading 0 native plugins for Editor in 0.00 ms.
Mono: successfully reloaded assembly
- Completed reload, in  2.316 seconds
Platform modules already initialized, skipping
Registering precompiled user dll's ...
Registered in 0.010501 seconds.
Begin MonoManager ReloadAssembly
Native extension for WindowsStandalone target not found
Refreshing native plugins compatible for Editor in 83.72 ms, found 3 plugins.
Preloading 0 native plugins for Editor in 0.00 ms.
Mono: successfully reloaded assembly
- Completed reload, in  8.715 seconds
Platform modules already initialized, skipping
========================================================================
Worker process is ready to serve import requests
Launched and connected shader compiler UnityShaderCompiler.exe after 0.14 seconds
Refreshing native plugins compatible for Editor in 0.77 ms, found 3 plugins.
Preloading 0 native plugins for Editor in 0.00 ms.
Unloading 2137 Unused Serialized files (Serialized files now loaded: 0)
System memory in use before: 96.2 MB.
System memory in use after: 96.3 MB.

Unloading 28 unused Assets to reduce memory usage. Loaded Objects now: 2577.
Total: 3.166100 ms (FindLiveObjects: 0.255400 ms CreateObjectMapping: 0.111500 ms MarkObjects: 2.683300 ms  DeleteObjects: 0.114000 ms)

========================================================================
Received Import Request.
  path: Assets/Scenes/Mapa 4 FogoBoss.unity
  artifactKey: Guid(b18cb060c9404f24ab9238b96891aa6e) Importer(815301076,1909f56bfc062723c751e8b465ee728b)
Start importing Assets/Scenes/Mapa 4 FogoBoss.unity using Guid(b18cb060c9404f24ab9238b96891aa6e) Importer(815301076,1909f56bfc062723c751e8b465ee728b)  -> (artifact id: '359adead6da3f010e8eba034b8dfc76b') in 0.040226 seconds
  Import took 0.048968 seconds .

========================================================================
Received Import Request.
  Time since last request: 2852.073545 seconds.
  path: Assets/Prefab/Enemy Passaro.prefab
  artifactKey: Guid(8bf32ffad0c9d7341a1677c8a4f8360f) Importer(815301076,1909f56bfc062723c751e8b465ee728b)
Start importing Assets/Prefab/Enemy Passaro.prefab using Guid(8bf32ffad0c9d7341a1677c8a4f8360f) Importer(815301076,1909f56bfc062723c751e8b465ee728b)  -> (artifact id: '904fa52b26d6ceb130fdd0ab5d002736') in 0.449462 seconds
  Import took 0.470937 seconds .

========================================================================
Received Prepare
Registering precompiled user dll's ...
Registered in 0.016728 seconds.
Begin MonoManager ReloadAssembly
Native extension for WindowsStandalone target not found
Refreshing native plugins compatible for Editor in 1.27 ms, found 3 plugins.
Preloading 0 native plugins for Editor in 0.00 ms.
Mono: successfully reloaded assembly
- Completed reload, in  3.498 seconds
Platform modules already initialized, skipping
Refreshing native plugins compatible for Editor in 1.98 ms, found 3 plugins.
Preloading 0 native plugins for Editor in 0.00 ms.
Unloading 2114 Unused Serialized files (Serialized files now loaded: 0)
System memory in use before: 97.5 MB.
System memory in use after: 97.6 MB.

Unloading 16 unused Assets to reduce memory usage. Loaded Objects now: 2588.
Total: 20.835000 ms (FindLiveObjects: 0.773000 ms CreateObjectMapping: 0.571800 ms MarkObjects: 19.395300 ms  DeleteObjects: 0.091400 ms)

========================================================================
Received Prepare
Registering precompiled user dll's ...
Registered in 0.058771 seconds.
Begin MonoManager ReloadAssembly
Native extension for WindowsStandalone target not found
Refreshing native plugins compatible for Editor in 0.80 ms, found 3 plugins.
Preloading 0 native plugins for Editor in 0.00 ms.
Mono: successfully reloaded assembly
- Completed reload, in  2.607 seconds
Platform modules already initialized, skipping
Refreshing native plugins compatible for Editor in 1.03 ms, found 3 plugins.
Preloading 0 native plugins for Editor in 0.00 ms.
Unloading 2114 Unused Serialized files (Serialized files now loaded: 0)
System memory in use before: 97.5 MB.
System memory in use after: 97.6 MB.

Unloading 16 unused Assets to reduce memory usage. Loaded Objects now: 2592.
Total: 8.099600 ms (FindLiveObjects: 0.799400 ms CreateObjectMapping: 0.277900 ms MarkObjects: 6.334600 ms  DeleteObjects: 0.680900 ms)

========================================================================
Received Prepare
Registering precompiled user dll's ...
Registered in 0.016105 seconds.
Begin MonoManager ReloadAssembly
Native extension for WindowsStandalone target not found
Refreshing native plugins compatible for Editor in 0.73 ms, found 3 plugins.
Preloading 0 native plugins for Editor in 0.00 ms.
Mono: successfully reloaded assembly
- Completed reload, in  2.322 seconds
Platform modules already initialized, skipping
Refreshing native plugins compatible for Editor in 1.01 ms, found 3 plugins.
Preloading 0 native plugins for Editor in 0.00 ms.
Unloading 2114 Unused Serialized files (Serialized files now loaded: 0)
System memory in use before: 97.6 MB.
System memory in use after: 97.7 MB.

Unloading 16 unused Assets to reduce memory usage. Loaded Objects now: 2596.
Total: 6.584100 ms (FindLiveObjects: 0.682400 ms CreateObjectMapping: 0.353900 ms MarkObjects: 5.501700 ms  DeleteObjects: 0.042800 ms)

========================================================================
Received Prepare
Registering precompiled user dll's ...
Registered in 0.005928 seconds.
Begin MonoManager ReloadAssembly
Native extension for WindowsStandalone target not found
Refreshing native plugins compatible for Editor in 1.25 ms, found 3 plugins.
Preloading 0 native plugins for Editor in 0.00 ms.
Mono: successfully reloaded assembly
- Completed reload, in  3.991 seconds
Platform modules already initialized, skipping
Refreshing native plugins compatible for Editor in 1.81 ms, found 3 plugins.
Preloading 0 native plugins for Editor in 0.00 ms.
Unloading 2114 Unused Serialized files (Serialized files now loaded: 0)
System memory in use before: 97.6 MB.
System memory in use after: 97.7 MB.

Unloading 16 unused Assets to reduce memory usage. Loaded Objects now: 2600.
Total: 9.754200 ms (FindLiveObjects: 1.292900 ms CreateObjectMapping: 1.018100 ms MarkObjects: 7.397100 ms  DeleteObjects: 0.042500 ms)

========================================================================
Received Import Request.
  Time since last request: 19671.426130 seconds.
  path: Assets/Prefab/Levels/Mapa 4.prefab
  artifactKey: Guid(3b31947b8cd34824c874d4fc687fff2d) Importer(815301076,1909f56bfc062723c751e8b465ee728b)
Start importing Assets/Prefab/Levels/Mapa 4.prefab using Guid(3b31947b8cd34824c874d4fc687fff2d) Importer(815301076,1909f56bfc062723c751e8b465ee728b)  -> (artifact id: 'd7706ff0f4ea94453fca952b23fce1d0') in 0.241594 seconds
  Import took 0.251735 seconds .

========================================================================
Received Import Request.
  Time since last request: 39.617424 seconds.
  path: Assets/Scenes/LevelTest.unity
  artifactKey: Guid(f2c6c2e3a0425f74ab101d6730e3514d) Importer(815301076,1909f56bfc062723c751e8b465ee728b)
Start importing Assets/Scenes/LevelTest.unity using Guid(f2c6c2e3a0425f74ab101d6730e3514d) Importer(815301076,1909f56bfc062723c751e8b465ee728b)  -> (artifact id: 'eae9e59ecd012c07c23f9df4e56e84cc') in 0.021625 seconds
  Import took 0.042097 seconds .

AssetImportWorkerClient::OnTransportError - code=2 error=End of file
